<?xml version="1.0" encoding="utf-8"?><testsuites name="pytest tests"><testsuite name="pytest" errors="0" failures="15" skipped="0" tests="26" time="9.450" timestamp="2026-03-03T14:07:53.691763+00:00" hostname="agent-env-5ed50fd1-046f-4740-9927-ddcd0ef8dd67"><testcase classname="tests.test_enterprise_security.TestEnterpriseStatus" name="test_enterprise_status_endpoint" time="0.510"><failure message="AssertionError: Expected 200, got 401: {&quot;detail&quot;:&quot;Invalid token&quot;}&#10;assert 401 == 200&#10; +  where 401 = &lt;Response [401]&gt;.status_code">tests/test_enterprise_security.py:50: in test_enterprise_status_endpoint
    assert response.status_code == 200, f"Expected 200, got {response.status_code}: {response.text}"
E   AssertionError: Expected 200, got 401: {"detail":"Invalid token"}
E   assert 401 == 200
E    +  where 401 = &lt;Response [401]&gt;.status_code</failure></testcase><testcase classname="tests.test_enterprise_security.TestCLIToolGateway" name="test_list_tools_endpoint" time="0.384"><failure message="AssertionError: Expected 200, got 401: {&quot;detail&quot;:&quot;Invalid token&quot;}&#10;assert 401 == 200&#10; +  where 401 = &lt;Response [401]&gt;.status_code">tests/test_enterprise_security.py:108: in test_list_tools_endpoint
    assert response.status_code == 200, f"Expected 200, got {response.status_code}: {response.text}"
E   AssertionError: Expected 200, got 401: {"detail":"Invalid token"}
E   assert 401 == 200
E    +  where 401 = &lt;Response [401]&gt;.status_code</failure></testcase><testcase classname="tests.test_enterprise_security.TestCLIToolGateway" name="test_get_specific_tool" time="0.386"><failure message="AssertionError: Expected 200, got 401&#10;assert 401 == 200&#10; +  where 401 = &lt;Response [401]&gt;.status_code">tests/test_enterprise_security.py:143: in test_get_specific_tool
    assert response.status_code == 200, f"Expected 200, got {response.status_code}"
E   AssertionError: Expected 200, got 401
E   assert 401 == 200
E    +  where 401 = &lt;Response [401]&gt;.status_code</failure></testcase><testcase classname="tests.test_enterprise_security.TestCLIToolGateway" name="test_gateway_status" time="0.434"><failure message="AssertionError: Expected 200, got 401&#10;assert 401 == 200&#10; +  where 401 = &lt;Response [401]&gt;.status_code">tests/test_enterprise_security.py:161: in test_gateway_status
    assert response.status_code == 200, f"Expected 200, got {response.status_code}"
E   AssertionError: Expected 200, got 401
E   assert 401 == 200
E    +  where 401 = &lt;Response [401]&gt;.status_code</failure></testcase><testcase classname="tests.test_enterprise_security.TestPolicyEngine" name="test_policy_evaluate_observe_action" time="0.432" /><testcase classname="tests.test_enterprise_security.TestPolicyEngine" name="test_policy_evaluate_remediate_action" time="0.379" /><testcase classname="tests.test_enterprise_security.TestPolicyEngine" name="test_policy_evaluate_denied_by_trust_state" time="0.392" /><testcase classname="tests.test_enterprise_security.TestPolicyEngine" name="test_policy_pending_approvals" time="0.419"><failure message="AssertionError: Expected 200, got 401&#10;assert 401 == 200&#10; +  where 401 = &lt;Response [401]&gt;.status_code">tests/test_enterprise_security.py:267: in test_policy_pending_approvals
    assert response.status_code == 200, f"Expected 200, got {response.status_code}"
E   AssertionError: Expected 200, got 401
E   assert 401 == 200
E    +  where 401 = &lt;Response [401]&gt;.status_code</failure></testcase><testcase classname="tests.test_enterprise_security.TestPolicyEngine" name="test_policy_status" time="0.442"><failure message="assert 401 == 200&#10; +  where 401 = &lt;Response [401]&gt;.status_code">tests/test_enterprise_security.py:279: in test_policy_status
    assert response.status_code == 200
E   assert 401 == 200
E    +  where 401 = &lt;Response [401]&gt;.status_code</failure></testcase><testcase classname="tests.test_enterprise_security.TestTelemetryChain" name="test_verify_chain_integrity" time="0.385"><failure message="AssertionError: Expected 200, got 401: {&quot;detail&quot;:&quot;Invalid token&quot;}&#10;assert 401 == 200&#10; +  where 401 = &lt;Response [401]&gt;.status_code">tests/test_enterprise_security.py:324: in test_verify_chain_integrity
    assert response.status_code == 200, f"Expected 200, got {response.status_code}: {response.text}"
E   AssertionError: Expected 200, got 401: {"detail":"Invalid token"}
E   assert 401 == 200
E    +  where 401 = &lt;Response [401]&gt;.status_code</failure></testcase><testcase classname="tests.test_enterprise_security.TestTelemetryChain" name="test_ingest_telemetry_event" time="0.394" /><testcase classname="tests.test_enterprise_security.TestTelemetryChain" name="test_query_telemetry_events" time="0.437"><failure message="assert 401 == 200&#10; +  where 401 = &lt;Response [401]&gt;.status_code">tests/test_enterprise_security.py:369: in test_query_telemetry_events
    assert response.status_code == 200
E   assert 401 == 200
E    +  where 401 = &lt;Response [401]&gt;.status_code</failure></testcase><testcase classname="tests.test_enterprise_security.TestTelemetryChain" name="test_query_audit_trail" time="0.437"><failure message="assert 401 == 200&#10; +  where 401 = &lt;Response [401]&gt;.status_code">tests/test_enterprise_security.py:381: in test_query_audit_trail
    assert response.status_code == 200
E   assert 401 == 200
E    +  where 401 = &lt;Response [401]&gt;.status_code</failure></testcase><testcase classname="tests.test_enterprise_security.TestIdentityService" name="test_list_identities" time="0.397"><failure message="AssertionError: Expected 200, got 401: {&quot;detail&quot;:&quot;Invalid token&quot;}&#10;assert 401 == 200&#10; +  where 401 = &lt;Response [401]&gt;.status_code">tests/test_enterprise_security.py:414: in test_list_identities
    assert response.status_code == 200, f"Expected 200, got {response.status_code}: {response.text}"
E   AssertionError: Expected 200, got 401: {"detail":"Invalid token"}
E   assert 401 == 200
E    +  where 401 = &lt;Response [401]&gt;.status_code</failure></testcase><testcase classname="tests.test_enterprise_security.TestIdentityService" name="test_get_attestation_nonce" time="0.390" /><testcase classname="tests.test_enterprise_security.TestIdentityService" name="test_submit_attestation" time="0.603" /><testcase classname="tests.test_enterprise_security.TestIdentityService" name="test_get_specific_identity" time="0.513"><failure message="AssertionError: Expected 200, got 401&#10;assert 401 == 200&#10; +  where 401 = &lt;Response [401]&gt;.status_code">tests/test_enterprise_security.py:503: in test_get_specific_identity
    assert response.status_code == 200, f"Expected 200, got {response.status_code}"
E   AssertionError: Expected 200, got 401
E   assert 401 == 200
E    +  where 401 = &lt;Response [401]&gt;.status_code</failure></testcase><testcase classname="tests.test_enterprise_security.TestTokenBroker" name="test_get_active_tokens" time="0.405"><failure message="AssertionError: Expected 200, got 401: {&quot;detail&quot;:&quot;Invalid token&quot;}&#10;assert 401 == 200&#10; +  where 401 = &lt;Response [401]&gt;.status_code">tests/test_enterprise_security.py:538: in test_get_active_tokens
    assert response.status_code == 200, f"Expected 200, got {response.status_code}: {response.text}"
E   AssertionError: Expected 200, got 401: {"detail":"Invalid token"}
E   assert 401 == 200
E    +  where 401 = &lt;Response [401]&gt;.status_code</failure></testcase><testcase classname="tests.test_enterprise_security.TestTokenBroker" name="test_issue_capability_token" time="0.485"><failure message="AssertionError: Expected 200, got 401: {&quot;detail&quot;:&quot;Invalid token&quot;}&#10;assert 401 == 200&#10; +  where 401 = &lt;Response [401]&gt;.status_code">tests/test_enterprise_security.py:559: in test_issue_capability_token
    assert response.status_code == 200, f"Expected 200, got {response.status_code}: {response.text}"
E   AssertionError: Expected 200, got 401: {"detail":"Invalid token"}
E   assert 401 == 200
E    +  where 401 = &lt;Response [401]&gt;.status_code</failure></testcase><testcase classname="tests.test_enterprise_security.TestTokenBroker" name="test_token_broker_status" time="0.388"><failure message="assert 401 == 200&#10; +  where 401 = &lt;Response [401]&gt;.status_code">tests/test_enterprise_security.py:578: in test_token_broker_status
    assert response.status_code == 200
E   assert 401 == 200
E    +  where 401 = &lt;Response [401]&gt;.status_code</failure></testcase><testcase classname="tests.test_enterprise_security.TestTokenBroker" name="test_revoke_token" time="0.462"><failure message="KeyError: 'token_id'">tests/test_enterprise_security.py:600: in test_revoke_token
    token_id = issue_response.json()["token_id"]
               ^^^^^^^^^^^^^^^^^^^^^^^^^^^^^^^^^
E   KeyError: 'token_id'</failure></testcase><testcase classname="tests.test_enterprise_security.TestServiceImplementations" name="test_identity_service_has_trust_scoring" time="0.002" /><testcase classname="tests.test_enterprise_security.TestServiceImplementations" name="test_policy_engine_has_action_categories" time="0.002" /><testcase classname="tests.test_enterprise_security.TestServiceImplementations" name="test_token_broker_has_capability_tokens" time="0.002" /><testcase classname="tests.test_enterprise_security.TestServiceImplementations" name="test_tool_gateway_has_7_registered_tools" time="0.001" /><testcase classname="tests.test_enterprise_security.TestServiceImplementations" name="test_telemetry_chain_has_hash_chains" time="0.001" /></testsuite></testsuites>