<?xml version="1.0" encoding="utf-8"?><testsuites name="pytest tests"><testsuite name="pytest" errors="0" failures="1" skipped="0" tests="36" time="11.271" timestamp="2026-02-09T17:47:16.868999+00:00" hostname="agent-env-bdeedc7a-000a-4f26-878f-2f220f7adbc8"><testcase classname="tests.test_refactored_api.TestHealthAndRoot" name="test_health_endpoint" time="0.091" /><testcase classname="tests.test_refactored_api.TestHealthAndRoot" name="test_root_endpoint" time="0.044" /><testcase classname="tests.test_refactored_api.TestAuthentication" name="test_register_new_user" time="0.273" /><testcase classname="tests.test_refactored_api.TestAuthentication" name="test_register_duplicate_email" time="0.320" /><testcase classname="tests.test_refactored_api.TestAuthentication" name="test_login_valid_credentials" time="0.271" /><testcase classname="tests.test_refactored_api.TestAuthentication" name="test_login_invalid_credentials" time="0.047" /><testcase classname="tests.test_refactored_api.TestAuthentication" name="test_get_me_authenticated" time="0.307" /><testcase classname="tests.test_refactored_api.TestAuthentication" name="test_get_me_unauthenticated" time="0.046" /><testcase classname="tests.test_refactored_api.TestThreats" name="test_get_threats" time="0.315" /><testcase classname="tests.test_refactored_api.TestThreats" name="test_create_threat" time="0.046" /><testcase classname="tests.test_refactored_api.TestThreats" name="test_get_threat_by_id" time="0.086" /><testcase classname="tests.test_refactored_api.TestThreats" name="test_get_threats_with_filter" time="0.042" /><testcase classname="tests.test_refactored_api.TestThreats" name="test_threats_requires_auth" time="0.041" /><testcase classname="tests.test_refactored_api.TestAlerts" name="test_get_alerts" time="0.298" /><testcase classname="tests.test_refactored_api.TestAlerts" name="test_create_alert" time="0.080" /><testcase classname="tests.test_refactored_api.TestAlerts" name="test_alerts_requires_auth" time="0.042" /><testcase classname="tests.test_refactored_api.TestDashboard" name="test_get_dashboard_stats" time="0.345" /><testcase classname="tests.test_refactored_api.TestDashboard" name="test_dashboard_requires_auth" time="0.037" /><testcase classname="tests.test_refactored_api.TestNetwork" name="test_get_network_topology" time="0.302" /><testcase classname="tests.test_refactored_api.TestNetwork" name="test_network_requires_auth" time="0.041" /><testcase classname="tests.test_refactored_api.TestAgentDownload" name="test_download_agent" time="0.179" /><testcase classname="tests.test_refactored_api.TestSettings" name="test_get_notification_settings" time="0.339" /><testcase classname="tests.test_refactored_api.TestSettings" name="test_settings_requires_auth" time="0.033" /><testcase classname="tests.test_refactored_api.TestQuarantine" name="test_get_quarantine_list" time="0.313" /><testcase classname="tests.test_refactored_api.TestQuarantine" name="test_get_quarantine_summary" time="0.040" /><testcase classname="tests.test_refactored_api.TestQuarantine" name="test_quarantine_requires_auth" time="0.038" /><testcase classname="tests.test_refactored_api.TestAdditionalRouters" name="test_ai_analysis_endpoint" time="6.756" /><testcase classname="tests.test_refactored_api.TestAdditionalRouters" name="test_hunting_endpoint" time="0.063" /><testcase classname="tests.test_refactored_api.TestAdditionalRouters" name="test_honeypots_endpoint" time="0.045" /><testcase classname="tests.test_refactored_api.TestAdditionalRouters" name="test_reports_endpoint" time="0.050" /><testcase classname="tests.test_refactored_api.TestAdditionalRouters" name="test_agents_list_endpoint" time="0.035" /><testcase classname="tests.test_refactored_api.TestAdditionalRouters" name="test_response_rules_endpoint" time="0.037" /><testcase classname="tests.test_refactored_api.TestAdditionalRouters" name="test_audit_logs_endpoint" time="0.053"><failure message="AssertionError: Audit logs failed: Internal Server Error&#10;assert 520 == 200&#10; +  where 520 = &lt;Response [520]&gt;.status_code">tests/test_refactored_api.py:488: in test_audit_logs_endpoint
    assert response.status_code == 200, f"Audit logs failed: {response.text}"
E   AssertionError: Audit logs failed: Internal Server Error
E   assert 520 == 200
E    +  where 520 = &lt;Response [520]&gt;.status_code</failure></testcase><testcase classname="tests.test_refactored_api.TestAdditionalRouters" name="test_timelines_endpoint" time="0.049" /><testcase classname="tests.test_refactored_api.TestAdditionalRouters" name="test_websocket_stats_endpoint" time="0.038" /><testcase classname="tests.test_refactored_api.TestAdditionalRouters" name="test_openclaw_config_endpoint" time="0.040" /></testsuite></testsuites>