<?xml version="1.0" encoding="utf-8"?><testsuites name="pytest tests"><testsuite name="pytest" errors="0" failures="14" skipped="0" tests="33" time="2.612" timestamp="2026-02-09T17:03:27.673632+00:00" hostname="agent-env-262d71ae-e2f7-452f-9a5c-acf11d8e324c"><testcase classname="backend.tests.test_audit_timeline_openclaw.TestAuthentication" name="test_admin_login" time="0.327" /><testcase classname="backend.tests.test_audit_timeline_openclaw.TestAuditLogEndpoints" name="test_get_audit_logs_requires_auth" time="0.045" /><testcase classname="backend.tests.test_audit_timeline_openclaw.TestAuditLogEndpoints" name="test_get_audit_logs_success" time="0.304"><failure message="AssertionError: Failed: Internal Server Error&#10;assert 520 == 200&#10; +  where 520 = &lt;Response [520]&gt;.status_code">backend/tests/test_audit_timeline_openclaw.py:74: in test_get_audit_logs_success
    assert response.status_code == 200, f"Failed: {response.text}"
E   AssertionError: Failed: Internal Server Error
E   assert 520 == 200
E    +  where 520 = &lt;Response [520]&gt;.status_code</failure></testcase><testcase classname="backend.tests.test_audit_timeline_openclaw.TestAuditLogEndpoints" name="test_get_audit_logs_with_filters" time="0.043"><failure message="AssertionError: Failed: Internal Server Error&#10;assert 520 == 200&#10; +  where 520 = &lt;Response [520]&gt;.status_code">backend/tests/test_audit_timeline_openclaw.py:87: in test_get_audit_logs_with_filters
    assert response.status_code == 200, f"Failed: {response.text}"
E   AssertionError: Failed: Internal Server Error
E   assert 520 == 200
E    +  where 520 = &lt;Response [520]&gt;.status_code</failure></testcase><testcase classname="backend.tests.test_audit_timeline_openclaw.TestAuditLogEndpoints" name="test_get_audit_logs_severity_filter" time="0.045"><failure message="AssertionError: Failed: Internal Server Error&#10;assert 520 == 200&#10; +  where 520 = &lt;Response [520]&gt;.status_code">backend/tests/test_audit_timeline_openclaw.py:98: in test_get_audit_logs_severity_filter
    assert response.status_code == 200, f"Failed: {response.text}"
E   AssertionError: Failed: Internal Server Error
E   assert 520 == 200
E    +  where 520 = &lt;Response [520]&gt;.status_code</failure></testcase><testcase classname="backend.tests.test_audit_timeline_openclaw.TestAuditLogEndpoints" name="test_get_audit_stats_requires_auth" time="0.041" /><testcase classname="backend.tests.test_audit_timeline_openclaw.TestAuditLogEndpoints" name="test_get_audit_stats_success" time="0.038"><failure message="AssertionError: Failed: Internal Server Error&#10;assert 520 == 200&#10; +  where 520 = &lt;Response [520]&gt;.status_code">backend/tests/test_audit_timeline_openclaw.py:112: in test_get_audit_stats_success
    assert response.status_code == 200, f"Failed: {response.text}"
E   AssertionError: Failed: Internal Server Error
E   assert 520 == 200
E    +  where 520 = &lt;Response [520]&gt;.status_code</failure></testcase><testcase classname="backend.tests.test_audit_timeline_openclaw.TestAuditLogEndpoints" name="test_get_recent_audit" time="0.045" /><testcase classname="backend.tests.test_audit_timeline_openclaw.TestAuditLogEndpoints" name="test_audit_cleanup_requires_admin" time="0.050" /><testcase classname="backend.tests.test_audit_timeline_openclaw.TestAuditLogEndpoints" name="test_audit_cleanup_success" time="0.040"><failure message="AssertionError: Failed: Internal Server Error&#10;assert 520 == 200&#10; +  where 520 = &lt;Response [520]&gt;.status_code">backend/tests/test_audit_timeline_openclaw.py:139: in test_audit_cleanup_success
    assert response.status_code == 200, f"Failed: {response.text}"
E   AssertionError: Failed: Internal Server Error
E   assert 520 == 200
E    +  where 520 = &lt;Response [520]&gt;.status_code</failure></testcase><testcase classname="backend.tests.test_audit_timeline_openclaw.TestTimelineEndpoints" name="test_get_recent_timelines_requires_auth" time="0.041" /><testcase classname="backend.tests.test_audit_timeline_openclaw.TestTimelineEndpoints" name="test_get_recent_timelines_success" time="0.039"><failure message="AssertionError: Failed: Internal Server Error&#10;assert 520 == 200&#10; +  where 520 = &lt;Response [520]&gt;.status_code">backend/tests/test_audit_timeline_openclaw.py:172: in test_get_recent_timelines_success
    assert response.status_code == 200, f"Failed: {response.text}"
E   AssertionError: Failed: Internal Server Error
E   assert 520 == 200
E    +  where 520 = &lt;Response [520]&gt;.status_code</failure></testcase><testcase classname="backend.tests.test_audit_timeline_openclaw.TestTimelineEndpoints" name="test_get_timeline_for_threat" time="0.079"><failure message="AssertionError: Failed: Internal Server Error&#10;assert 520 == 200&#10; +  where 520 = &lt;Response [520]&gt;.status_code">backend/tests/test_audit_timeline_openclaw.py:184: in test_get_timeline_for_threat
    assert response.status_code == 200, f"Failed: {response.text}"
E   AssertionError: Failed: Internal Server Error
E   assert 520 == 200
E    +  where 520 = &lt;Response [520]&gt;.status_code</failure></testcase><testcase classname="backend.tests.test_audit_timeline_openclaw.TestTimelineEndpoints" name="test_get_timeline_not_found" time="0.039"><failure message="AssertionError: Should return 404 for non-existent threat&#10;assert 520 == 404&#10; +  where 520 = &lt;Response [520]&gt;.status_code">backend/tests/test_audit_timeline_openclaw.py:197: in test_get_timeline_not_found
    assert response.status_code == 404, "Should return 404 for non-existent threat"
E   AssertionError: Should return 404 for non-existent threat
E   assert 520 == 404
E    +  where 520 = &lt;Response [520]&gt;.status_code</failure></testcase><testcase classname="backend.tests.test_audit_timeline_openclaw.TestTimelineEndpoints" name="test_export_timeline_json" time="0.040"><failure message="AssertionError: Failed: Internal Server Error&#10;assert 520 == 200&#10; +  where 520 = &lt;Response [520]&gt;.status_code">backend/tests/test_audit_timeline_openclaw.py:209: in test_export_timeline_json
    assert response.status_code == 200, f"Failed: {response.text}"
E   AssertionError: Failed: Internal Server Error
E   assert 520 == 200
E    +  where 520 = &lt;Response [520]&gt;.status_code</failure></testcase><testcase classname="backend.tests.test_audit_timeline_openclaw.TestTimelineEndpoints" name="test_export_timeline_markdown" time="0.045"><failure message="AssertionError: Failed: Internal Server Error&#10;assert 520 == 200&#10; +  where 520 = &lt;Response [520]&gt;.status_code">backend/tests/test_audit_timeline_openclaw.py:223: in test_export_timeline_markdown
    assert response.status_code == 200, f"Failed: {response.text}"
E   AssertionError: Failed: Internal Server Error
E   assert 520 == 200
E    +  where 520 = &lt;Response [520]&gt;.status_code</failure></testcase><testcase classname="backend.tests.test_audit_timeline_openclaw.TestTimelineEndpoints" name="test_export_timeline_invalid_format" time="0.037" /><testcase classname="backend.tests.test_audit_timeline_openclaw.TestWebSocketEndpoints" name="test_get_websocket_stats_requires_auth" time="0.034" /><testcase classname="backend.tests.test_audit_timeline_openclaw.TestWebSocketEndpoints" name="test_get_websocket_stats_success" time="0.040" /><testcase classname="backend.tests.test_audit_timeline_openclaw.TestWebSocketEndpoints" name="test_get_websocket_agents_requires_auth" time="0.040" /><testcase classname="backend.tests.test_audit_timeline_openclaw.TestWebSocketEndpoints" name="test_get_websocket_agents_success" time="0.043" /><testcase classname="backend.tests.test_audit_timeline_openclaw.TestWebSocketEndpoints" name="test_send_command_requires_admin" time="0.039" /><testcase classname="backend.tests.test_audit_timeline_openclaw.TestWebSocketEndpoints" name="test_send_command_to_offline_agent" time="0.037"><failure message="AssertionError: Failed: Internal Server Error&#10;assert 520 == 200&#10; +  where 520 = &lt;Response [520]&gt;.status_code">backend/tests/test_audit_timeline_openclaw.py:294: in test_send_command_to_offline_agent
    assert response.status_code == 200, f"Failed: {response.text}"
E   AssertionError: Failed: Internal Server Error
E   assert 520 == 200
E    +  where 520 = &lt;Response [520]&gt;.status_code</failure></testcase><testcase classname="backend.tests.test_audit_timeline_openclaw.TestWebSocketEndpoints" name="test_request_scan_invalid_type" time="0.039" /><testcase classname="backend.tests.test_audit_timeline_openclaw.TestWebSocketEndpoints" name="test_request_scan_valid_type" time="0.040" /><testcase classname="backend.tests.test_audit_timeline_openclaw.TestOpenClawEndpoints" name="test_get_openclaw_config_requires_admin" time="0.075" /><testcase classname="backend.tests.test_audit_timeline_openclaw.TestOpenClawEndpoints" name="test_get_openclaw_config_success" time="0.046" /><testcase classname="backend.tests.test_audit_timeline_openclaw.TestOpenClawEndpoints" name="test_update_openclaw_config_requires_admin" time="0.039" /><testcase classname="backend.tests.test_audit_timeline_openclaw.TestOpenClawEndpoints" name="test_update_openclaw_config_success" time="0.115"><failure message="AssertionError: Failed: Internal Server Error&#10;assert 520 == 200&#10; +  where 520 = &lt;Response [520]&gt;.status_code">backend/tests/test_audit_timeline_openclaw.py:369: in test_update_openclaw_config_success
    assert response.status_code == 200, f"Failed: {response.text}"
E   AssertionError: Failed: Internal Server Error
E   assert 520 == 200
E    +  where 520 = &lt;Response [520]&gt;.status_code</failure></testcase><testcase classname="backend.tests.test_audit_timeline_openclaw.TestOpenClawEndpoints" name="test_test_openclaw_connection_requires_admin" time="0.034" /><testcase classname="backend.tests.test_audit_timeline_openclaw.TestOpenClawEndpoints" name="test_test_openclaw_connection_not_enabled" time="0.074" /><testcase classname="backend.tests.test_audit_timeline_openclaw.TestAuditLoggingIntegration" name="test_login_creates_audit_entry" time="0.313"><failure message="assert 520 == 200&#10; +  where 520 = &lt;Response [520]&gt;.status_code">backend/tests/test_audit_timeline_openclaw.py:426: in test_login_creates_audit_entry
    assert response.status_code == 200
E   assert 520 == 200
E    +  where 520 = &lt;Response [520]&gt;.status_code</failure></testcase><testcase classname="backend.tests.test_audit_timeline_openclaw.TestAuditLoggingIntegration" name="test_timeline_view_creates_audit_entry" time="0.118"><failure message="assert 520 == 200&#10; +  where 520 = &lt;Response [520]&gt;.status_code">backend/tests/test_audit_timeline_openclaw.py:448: in test_timeline_view_creates_audit_entry
    assert response.status_code == 200
E   assert 520 == 200
E    +  where 520 = &lt;Response [520]&gt;.status_code</failure></testcase></testsuite></testsuites>