<?xml version="1.0" encoding="utf-8"?><testsuites name="pytest tests"><testsuite name="pytest" errors="0" failures="3" skipped="0" tests="28" time="2.823" timestamp="2026-02-10T06:07:38.113148+00:00" hostname="agent-env-e71f4cb9-76fe-42f0-9779-677b64695bb5"><testcase classname="backend.tests.test_vpn_zerotrust_browser.TestAuth" name="test_login_success" time="0.298" /><testcase classname="backend.tests.test_vpn_zerotrust_browser.TestVPNEndpoints" name="test_vpn_status" time="0.289" /><testcase classname="backend.tests.test_vpn_zerotrust_browser.TestVPNEndpoints" name="test_vpn_initialize" time="0.037" /><testcase classname="backend.tests.test_vpn_zerotrust_browser.TestVPNEndpoints" name="test_vpn_get_peers" time="0.034" /><testcase classname="backend.tests.test_vpn_zerotrust_browser.TestVPNEndpoints" name="test_vpn_add_peer" time="0.041" /><testcase classname="backend.tests.test_vpn_zerotrust_browser.TestVPNEndpoints" name="test_vpn_peer_config_download" time="0.074" /><testcase classname="backend.tests.test_vpn_zerotrust_browser.TestVPNEndpoints" name="test_vpn_invalid_peer_config" time="0.032" /><testcase classname="backend.tests.test_vpn_zerotrust_browser.TestZeroTrustEndpoints" name="test_zero_trust_stats" time="0.291" /><testcase classname="backend.tests.test_vpn_zerotrust_browser.TestZeroTrustEndpoints" name="test_zero_trust_devices" time="0.035" /><testcase classname="backend.tests.test_vpn_zerotrust_browser.TestZeroTrustEndpoints" name="test_zero_trust_register_device" time="0.036" /><testcase classname="backend.tests.test_vpn_zerotrust_browser.TestZeroTrustEndpoints" name="test_zero_trust_block_device" time="0.067" /><testcase classname="backend.tests.test_vpn_zerotrust_browser.TestZeroTrustEndpoints" name="test_zero_trust_unblock_device" time="0.035" /><testcase classname="backend.tests.test_vpn_zerotrust_browser.TestZeroTrustEndpoints" name="test_zero_trust_policies" time="0.037" /><testcase classname="backend.tests.test_vpn_zerotrust_browser.TestZeroTrustEndpoints" name="test_zero_trust_access_logs" time="0.036" /><testcase classname="backend.tests.test_vpn_zerotrust_browser.TestBrowserIsolationEndpoints" name="test_browser_isolation_stats" time="0.291" /><testcase classname="backend.tests.test_vpn_zerotrust_browser.TestBrowserIsolationEndpoints" name="test_browser_isolation_modes" time="0.040" /><testcase classname="backend.tests.test_vpn_zerotrust_browser.TestBrowserIsolationEndpoints" name="test_browser_isolation_analyze_url" time="0.033"><failure message="assert 404 == 200&#10; +  where 404 = &lt;Response [404]&gt;.status_code">backend/tests/test_vpn_zerotrust_browser.py:297: in test_browser_isolation_analyze_url
    assert response.status_code == 200
E   assert 404 == 200
E    +  where 404 = &lt;Response [404]&gt;.status_code</failure></testcase><testcase classname="backend.tests.test_vpn_zerotrust_browser.TestBrowserIsolationEndpoints" name="test_browser_isolation_analyze_suspicious_url" time="0.030"><failure message="assert 404 == 200&#10; +  where 404 = &lt;Response [404]&gt;.status_code">backend/tests/test_vpn_zerotrust_browser.py:309: in test_browser_isolation_analyze_suspicious_url
    assert response.status_code == 200
E   assert 404 == 200
E    +  where 404 = &lt;Response [404]&gt;.status_code</failure></testcase><testcase classname="backend.tests.test_vpn_zerotrust_browser.TestBrowserIsolationEndpoints" name="test_browser_isolation_create_session" time="0.033" /><testcase classname="backend.tests.test_vpn_zerotrust_browser.TestBrowserIsolationEndpoints" name="test_browser_isolation_list_sessions" time="0.041" /><testcase classname="backend.tests.test_vpn_zerotrust_browser.TestBrowserIsolationEndpoints" name="test_browser_isolation_blocklist" time="0.035"><failure message="assert 404 == 200&#10; +  where 404 = &lt;Response [404]&gt;.status_code">backend/tests/test_vpn_zerotrust_browser.py:336: in test_browser_isolation_blocklist
    assert response.status_code == 200
E   assert 404 == 200
E    +  where 404 = &lt;Response [404]&gt;.status_code</failure></testcase><testcase classname="backend.tests.test_vpn_zerotrust_browser.TestAgentCommandsEndpoints" name="test_agent_commands_types" time="0.294" /><testcase classname="backend.tests.test_vpn_zerotrust_browser.TestAgentCommandsEndpoints" name="test_agent_commands_agents_status" time="0.035" /><testcase classname="backend.tests.test_vpn_zerotrust_browser.TestAgentCommandsEndpoints" name="test_agent_commands_connected" time="0.035" /><testcase classname="backend.tests.test_vpn_zerotrust_browser.TestAgentCommandsEndpoints" name="test_agent_commands_pending" time="0.034" /><testcase classname="backend.tests.test_vpn_zerotrust_browser.TestAgentCommandsEndpoints" name="test_agent_commands_history" time="0.033" /><testcase classname="backend.tests.test_vpn_zerotrust_browser.TestAgentCommandsEndpoints" name="test_agent_commands_create" time="0.036" /><testcase classname="backend.tests.test_vpn_zerotrust_browser.TestZeroTrustAgentIntegration" name="test_block_device_creates_remediation_command" time="0.393" /></testsuite></testsuites>