<?xml version="1.0" encoding="utf-8"?><testsuites name="pytest tests"><testsuite name="pytest" errors="0" failures="26" skipped="0" tests="28" time="2.929" timestamp="2026-02-10T06:06:56.851209+00:00" hostname="agent-env-e71f4cb9-76fe-42f0-9779-677b64695bb5"><testcase classname="backend.tests.test_vpn_zerotrust_browser.TestAuth" name="test_login_success" time="0.304"><failure message="assert None is not None">backend/tests/test_vpn_zerotrust_browser.py:49: in test_login_success
    assert auth_token is not None
E   assert None is not None</failure></testcase><testcase classname="backend.tests.test_vpn_zerotrust_browser.TestVPNEndpoints" name="test_vpn_status" time="0.298"><failure message="assert 401 == 200&#10; +  where 401 = &lt;Response [401]&gt;.status_code">backend/tests/test_vpn_zerotrust_browser.py:74: in test_vpn_status
    assert response.status_code == 200
E   assert 401 == 200
E    +  where 401 = &lt;Response [401]&gt;.status_code</failure></testcase><testcase classname="backend.tests.test_vpn_zerotrust_browser.TestVPNEndpoints" name="test_vpn_initialize" time="0.036"><failure message="assert 401 in [200, 201]&#10; +  where 401 = &lt;Response [401]&gt;.status_code">backend/tests/test_vpn_zerotrust_browser.py:85: in test_vpn_initialize
    assert response.status_code in [200, 201]
E   assert 401 in [200, 201]
E    +  where 401 = &lt;Response [401]&gt;.status_code</failure></testcase><testcase classname="backend.tests.test_vpn_zerotrust_browser.TestVPNEndpoints" name="test_vpn_get_peers" time="0.033"><failure message="assert 401 == 200&#10; +  where 401 = &lt;Response [401]&gt;.status_code">backend/tests/test_vpn_zerotrust_browser.py:93: in test_vpn_get_peers
    assert response.status_code == 200
E   assert 401 == 200
E    +  where 401 = &lt;Response [401]&gt;.status_code</failure></testcase><testcase classname="backend.tests.test_vpn_zerotrust_browser.TestVPNEndpoints" name="test_vpn_add_peer" time="0.039"><failure message="assert 401 in [200, 201]&#10; +  where 401 = &lt;Response [401]&gt;.status_code">backend/tests/test_vpn_zerotrust_browser.py:104: in test_vpn_add_peer
    assert response.status_code in [200, 201]
E   assert 401 in [200, 201]
E    +  where 401 = &lt;Response [401]&gt;.status_code</failure></testcase><testcase classname="backend.tests.test_vpn_zerotrust_browser.TestVPNEndpoints" name="test_vpn_peer_config_download" time="0.033"><failure message="assert 401 == 200&#10; +  where 401 = &lt;Response [401]&gt;.status_code">backend/tests/test_vpn_zerotrust_browser.py:117: in test_vpn_peer_config_download
    assert peers_response.status_code == 200
E   assert 401 == 200
E    +  where 401 = &lt;Response [401]&gt;.status_code</failure></testcase><testcase classname="backend.tests.test_vpn_zerotrust_browser.TestVPNEndpoints" name="test_vpn_invalid_peer_config" time="0.033"><failure message="assert 401 == 404&#10; +  where 401 = &lt;Response [401]&gt;.status_code">backend/tests/test_vpn_zerotrust_browser.py:146: in test_vpn_invalid_peer_config
    assert response.status_code == 404
E   assert 401 == 404
E    +  where 401 = &lt;Response [401]&gt;.status_code</failure></testcase><testcase classname="backend.tests.test_vpn_zerotrust_browser.TestZeroTrustEndpoints" name="test_zero_trust_stats" time="0.293"><failure message="assert 401 == 200&#10; +  where 401 = &lt;Response [401]&gt;.status_code">backend/tests/test_vpn_zerotrust_browser.py:170: in test_zero_trust_stats
    assert response.status_code == 200
E   assert 401 == 200
E    +  where 401 = &lt;Response [401]&gt;.status_code</failure></testcase><testcase classname="backend.tests.test_vpn_zerotrust_browser.TestZeroTrustEndpoints" name="test_zero_trust_devices" time="0.033"><failure message="assert 401 == 200&#10; +  where 401 = &lt;Response [401]&gt;.status_code">backend/tests/test_vpn_zerotrust_browser.py:177: in test_zero_trust_devices
    assert response.status_code == 200
E   assert 401 == 200
E    +  where 401 = &lt;Response [401]&gt;.status_code</failure></testcase><testcase classname="backend.tests.test_vpn_zerotrust_browser.TestZeroTrustEndpoints" name="test_zero_trust_register_device" time="0.037"><failure message="assert 401 in [200, 201]&#10; +  where 401 = &lt;Response [401]&gt;.status_code">backend/tests/test_vpn_zerotrust_browser.py:192: in test_zero_trust_register_device
    assert response.status_code in [200, 201]
E   assert 401 in [200, 201]
E    +  where 401 = &lt;Response [401]&gt;.status_code</failure></testcase><testcase classname="backend.tests.test_vpn_zerotrust_browser.TestZeroTrustEndpoints" name="test_zero_trust_block_device" time="0.069"><failure message="assert 401 in [200, 201]&#10; +  where 401 = &lt;Response [401]&gt;.status_code">backend/tests/test_vpn_zerotrust_browser.py:218: in test_zero_trust_block_device
    assert response.status_code in [200, 201]
E   assert 401 in [200, 201]
E    +  where 401 = &lt;Response [401]&gt;.status_code</failure></testcase><testcase classname="backend.tests.test_vpn_zerotrust_browser.TestZeroTrustEndpoints" name="test_zero_trust_unblock_device" time="0.043" /><testcase classname="backend.tests.test_vpn_zerotrust_browser.TestZeroTrustEndpoints" name="test_zero_trust_policies" time="0.032"><failure message="assert 401 == 200&#10; +  where 401 = &lt;Response [401]&gt;.status_code">backend/tests/test_vpn_zerotrust_browser.py:245: in test_zero_trust_policies
    assert response.status_code == 200
E   assert 401 == 200
E    +  where 401 = &lt;Response [401]&gt;.status_code</failure></testcase><testcase classname="backend.tests.test_vpn_zerotrust_browser.TestZeroTrustEndpoints" name="test_zero_trust_access_logs" time="0.037"><failure message="assert 401 == 200&#10; +  where 401 = &lt;Response [401]&gt;.status_code">backend/tests/test_vpn_zerotrust_browser.py:253: in test_zero_trust_access_logs
    assert response.status_code == 200
E   assert 401 == 200
E    +  where 401 = &lt;Response [401]&gt;.status_code</failure></testcase><testcase classname="backend.tests.test_vpn_zerotrust_browser.TestBrowserIsolationEndpoints" name="test_browser_isolation_stats" time="0.286"><failure message="assert 401 == 200&#10; +  where 401 = &lt;Response [401]&gt;.status_code">backend/tests/test_vpn_zerotrust_browser.py:280: in test_browser_isolation_stats
    assert response.status_code == 200
E   assert 401 == 200
E    +  where 401 = &lt;Response [401]&gt;.status_code</failure></testcase><testcase classname="backend.tests.test_vpn_zerotrust_browser.TestBrowserIsolationEndpoints" name="test_browser_isolation_modes" time="0.034"><failure message="assert 401 == 200&#10; +  where 401 = &lt;Response [401]&gt;.status_code">backend/tests/test_vpn_zerotrust_browser.py:287: in test_browser_isolation_modes
    assert response.status_code == 200
E   assert 401 == 200
E    +  where 401 = &lt;Response [401]&gt;.status_code</failure></testcase><testcase classname="backend.tests.test_vpn_zerotrust_browser.TestBrowserIsolationEndpoints" name="test_browser_isolation_analyze_url" time="0.031"><failure message="assert 404 == 200&#10; +  where 404 = &lt;Response [404]&gt;.status_code">backend/tests/test_vpn_zerotrust_browser.py:297: in test_browser_isolation_analyze_url
    assert response.status_code == 200
E   assert 404 == 200
E    +  where 404 = &lt;Response [404]&gt;.status_code</failure></testcase><testcase classname="backend.tests.test_vpn_zerotrust_browser.TestBrowserIsolationEndpoints" name="test_browser_isolation_analyze_suspicious_url" time="0.034"><failure message="assert 404 == 200&#10; +  where 404 = &lt;Response [404]&gt;.status_code">backend/tests/test_vpn_zerotrust_browser.py:309: in test_browser_isolation_analyze_suspicious_url
    assert response.status_code == 200
E   assert 404 == 200
E    +  where 404 = &lt;Response [404]&gt;.status_code</failure></testcase><testcase classname="backend.tests.test_vpn_zerotrust_browser.TestBrowserIsolationEndpoints" name="test_browser_isolation_create_session" time="0.034"><failure message="assert 401 in [200, 201]&#10; +  where 401 = &lt;Response [401]&gt;.status_code">backend/tests/test_vpn_zerotrust_browser.py:319: in test_browser_isolation_create_session
    assert response.status_code in [200, 201]
E   assert 401 in [200, 201]
E    +  where 401 = &lt;Response [401]&gt;.status_code</failure></testcase><testcase classname="backend.tests.test_vpn_zerotrust_browser.TestBrowserIsolationEndpoints" name="test_browser_isolation_list_sessions" time="0.038"><failure message="assert 401 == 200&#10; +  where 401 = &lt;Response [401]&gt;.status_code">backend/tests/test_vpn_zerotrust_browser.py:328: in test_browser_isolation_list_sessions
    assert response.status_code == 200
E   assert 401 == 200
E    +  where 401 = &lt;Response [401]&gt;.status_code</failure></testcase><testcase classname="backend.tests.test_vpn_zerotrust_browser.TestBrowserIsolationEndpoints" name="test_browser_isolation_blocklist" time="0.031"><failure message="assert 404 == 200&#10; +  where 404 = &lt;Response [404]&gt;.status_code">backend/tests/test_vpn_zerotrust_browser.py:336: in test_browser_isolation_blocklist
    assert response.status_code == 200
E   assert 404 == 200
E    +  where 404 = &lt;Response [404]&gt;.status_code</failure></testcase><testcase classname="backend.tests.test_vpn_zerotrust_browser.TestAgentCommandsEndpoints" name="test_agent_commands_types" time="0.287"><failure message="assert 401 == 200&#10; +  where 401 = &lt;Response [401]&gt;.status_code">backend/tests/test_vpn_zerotrust_browser.py:363: in test_agent_commands_types
    assert response.status_code == 200
E   assert 401 == 200
E    +  where 401 = &lt;Response [401]&gt;.status_code</failure></testcase><testcase classname="backend.tests.test_vpn_zerotrust_browser.TestAgentCommandsEndpoints" name="test_agent_commands_agents_status" time="0.032"><failure message="assert 401 == 200&#10; +  where 401 = &lt;Response [401]&gt;.status_code">backend/tests/test_vpn_zerotrust_browser.py:371: in test_agent_commands_agents_status
    assert response.status_code == 200
E   assert 401 == 200
E    +  where 401 = &lt;Response [401]&gt;.status_code</failure></testcase><testcase classname="backend.tests.test_vpn_zerotrust_browser.TestAgentCommandsEndpoints" name="test_agent_commands_connected" time="0.034"><failure message="assert 401 == 200&#10; +  where 401 = &lt;Response [401]&gt;.status_code">backend/tests/test_vpn_zerotrust_browser.py:379: in test_agent_commands_connected
    assert response.status_code == 200
E   assert 401 == 200
E    +  where 401 = &lt;Response [401]&gt;.status_code</failure></testcase><testcase classname="backend.tests.test_vpn_zerotrust_browser.TestAgentCommandsEndpoints" name="test_agent_commands_pending" time="0.034"><failure message="assert 401 == 200&#10; +  where 401 = &lt;Response [401]&gt;.status_code">backend/tests/test_vpn_zerotrust_browser.py:387: in test_agent_commands_pending
    assert response.status_code == 200
E   assert 401 == 200
E    +  where 401 = &lt;Response [401]&gt;.status_code</failure></testcase><testcase classname="backend.tests.test_vpn_zerotrust_browser.TestAgentCommandsEndpoints" name="test_agent_commands_history" time="0.037"><failure message="assert 401 == 200&#10; +  where 401 = &lt;Response [401]&gt;.status_code">backend/tests/test_vpn_zerotrust_browser.py:400: in test_agent_commands_history
    assert response.status_code == 200
E   assert 401 == 200
E    +  where 401 = &lt;Response [401]&gt;.status_code</failure></testcase><testcase classname="backend.tests.test_vpn_zerotrust_browser.TestAgentCommandsEndpoints" name="test_agent_commands_create" time="0.033" /><testcase classname="backend.tests.test_vpn_zerotrust_browser.TestZeroTrustAgentIntegration" name="test_block_device_creates_remediation_command" time="0.351"><failure message="assert 401 in [200, 201]&#10; +  where 401 = &lt;Response [401]&gt;.status_code">backend/tests/test_vpn_zerotrust_browser.py:471: in test_block_device_creates_remediation_command
    assert block_response.status_code in [200, 201]
E   assert 401 in [200, 201]
E    +  where 401 = &lt;Response [401]&gt;.status_code</failure></testcase></testsuite></testsuites>