<?xml version="1.0" encoding="utf-8"?><testsuites name="pytest tests"><testsuite name="pytest" errors="0" failures="18" skipped="0" tests="24" time="1.538" timestamp="2026-02-09T18:07:12.504496+00:00" hostname="agent-env-bdeedc7a-000a-4f26-878f-2f220f7adbc8"><testcase classname="tests.test_v3_security_features.TestAPIVersion" name="test_api_version_is_3_0_0" time="0.110" /><testcase classname="tests.test_v3_security_features.TestAPIVersion" name="test_api_features_include_v3_features" time="0.048" /><testcase classname="tests.test_v3_security_features.TestThreatIntelligence" name="test_get_threat_intel_stats" time="0.308"><failure message="AssertionError: Expected 200, got 401: {&quot;detail&quot;:&quot;Invalid token&quot;}&#10;assert 401 == 200&#10; +  where 401 = &lt;Response [401]&gt;.status_code">tests/test_v3_security_features.py:80: in test_get_threat_intel_stats
    assert response.status_code == 200, f"Expected 200, got {response.status_code}: {response.text}"
E   AssertionError: Expected 200, got 401: {"detail":"Invalid token"}
E   assert 401 == 200
E    +  where 401 = &lt;Response [401]&gt;.status_code</failure></testcase><testcase classname="tests.test_v3_security_features.TestThreatIntelligence" name="test_check_single_indicator_ip" time="0.041"><failure message="AssertionError: Expected 200, got 401: {&quot;detail&quot;:&quot;Invalid token&quot;}&#10;assert 401 == 200&#10; +  where 401 = &lt;Response [401]&gt;.status_code">tests/test_v3_security_features.py:106: in test_check_single_indicator_ip
    assert response.status_code == 200, f"Expected 200, got {response.status_code}: {response.text}"
E   AssertionError: Expected 200, got 401: {"detail":"Invalid token"}
E   assert 401 == 200
E    +  where 401 = &lt;Response [401]&gt;.status_code</failure></testcase><testcase classname="tests.test_v3_security_features.TestThreatIntelligence" name="test_check_single_indicator_domain" time="0.038"><failure message="AssertionError: Expected 200, got 401: {&quot;detail&quot;:&quot;Invalid token&quot;}&#10;assert 401 == 200&#10; +  where 401 = &lt;Response [401]&gt;.status_code">tests/test_v3_security_features.py:125: in test_check_single_indicator_domain
    assert response.status_code == 200, f"Expected 200, got {response.status_code}: {response.text}"
E   AssertionError: Expected 200, got 401: {"detail":"Invalid token"}
E   assert 401 == 200
E    +  where 401 = &lt;Response [401]&gt;.status_code</failure></testcase><testcase classname="tests.test_v3_security_features.TestThreatIntelligence" name="test_check_bulk_indicators" time="0.040"><failure message="AssertionError: Expected 200, got 401: {&quot;detail&quot;:&quot;Invalid token&quot;}&#10;assert 401 == 200&#10; +  where 401 = &lt;Response [401]&gt;.status_code">tests/test_v3_security_features.py:146: in test_check_bulk_indicators
    assert response.status_code == 200, f"Expected 200, got {response.status_code}: {response.text}"
E   AssertionError: Expected 200, got 401: {"detail":"Invalid token"}
E   assert 401 == 200
E    +  where 401 = &lt;Response [401]&gt;.status_code</failure></testcase><testcase classname="tests.test_v3_security_features.TestThreatIntelligence" name="test_get_feeds_status" time="0.041"><failure message="AssertionError: Expected 200, got 401: {&quot;detail&quot;:&quot;Invalid token&quot;}&#10;assert 401 == 200&#10; +  where 401 = &lt;Response [401]&gt;.status_code">tests/test_v3_security_features.py:161: in test_get_feeds_status
    assert response.status_code == 200, f"Expected 200, got {response.status_code}: {response.text}"
E   AssertionError: Expected 200, got 401: {"detail":"Invalid token"}
E   assert 401 == 200
E    +  where 401 = &lt;Response [401]&gt;.status_code</failure></testcase><testcase classname="tests.test_v3_security_features.TestThreatIntelligence" name="test_get_recent_matches" time="0.040"><failure message="AssertionError: Expected 200, got 401: {&quot;detail&quot;:&quot;Invalid token&quot;}&#10;assert 401 == 200&#10; +  where 401 = &lt;Response [401]&gt;.status_code">tests/test_v3_security_features.py:175: in test_get_recent_matches
    assert response.status_code == 200, f"Expected 200, got {response.status_code}: {response.text}"
E   AssertionError: Expected 200, got 401: {"detail":"Invalid token"}
E   assert 401 == 200
E    +  where 401 = &lt;Response [401]&gt;.status_code</failure></testcase><testcase classname="tests.test_v3_security_features.TestRansomwareProtection" name="test_get_ransomware_status" time="0.036"><failure message="AssertionError: Expected 200, got 401: {&quot;detail&quot;:&quot;Invalid token&quot;}&#10;assert 401 == 200&#10; +  where 401 = &lt;Response [401]&gt;.status_code">tests/test_v3_security_features.py:188: in test_get_ransomware_status
    assert response.status_code == 200, f"Expected 200, got {response.status_code}: {response.text}"
E   AssertionError: Expected 200, got 401: {"detail":"Invalid token"}
E   assert 401 == 200
E    +  where 401 = &lt;Response [401]&gt;.status_code</failure></testcase><testcase classname="tests.test_v3_security_features.TestRansomwareProtection" name="test_deploy_canaries" time="0.043"><failure message="AssertionError: Expected 200, got 401: {&quot;detail&quot;:&quot;Invalid token&quot;}&#10;assert 401 == 200&#10; +  where 401 = &lt;Response [401]&gt;.status_code">tests/test_v3_security_features.py:209: in test_deploy_canaries
    assert response.status_code == 200, f"Expected 200, got {response.status_code}: {response.text}"
E   AssertionError: Expected 200, got 401: {"detail":"Invalid token"}
E   assert 401 == 200
E    +  where 401 = &lt;Response [401]&gt;.status_code</failure></testcase><testcase classname="tests.test_v3_security_features.TestRansomwareProtection" name="test_get_canaries" time="0.046"><failure message="AssertionError: Expected 200, got 401: {&quot;detail&quot;:&quot;Invalid token&quot;}&#10;assert 401 == 200&#10; +  where 401 = &lt;Response [401]&gt;.status_code">tests/test_v3_security_features.py:221: in test_get_canaries
    assert response.status_code == 200, f"Expected 200, got {response.status_code}: {response.text}"
E   AssertionError: Expected 200, got 401: {"detail":"Invalid token"}
E   assert 401 == 200
E    +  where 401 = &lt;Response [401]&gt;.status_code</failure></testcase><testcase classname="tests.test_v3_security_features.TestRansomwareProtection" name="test_get_protected_folders" time="0.076"><failure message="AssertionError: Expected 200, got 401: {&quot;detail&quot;:&quot;Invalid token&quot;}&#10;assert 401 == 200&#10; +  where 401 = &lt;Response [401]&gt;.status_code">tests/test_v3_security_features.py:236: in test_get_protected_folders
    assert response.status_code == 200, f"Expected 200, got {response.status_code}: {response.text}"
E   AssertionError: Expected 200, got 401: {"detail":"Invalid token"}
E   assert 401 == 200
E    +  where 401 = &lt;Response [401]&gt;.status_code</failure></testcase><testcase classname="tests.test_v3_security_features.TestRansomwareProtection" name="test_get_behavioral_stats" time="0.041"><failure message="AssertionError: Expected 200, got 401: {&quot;detail&quot;:&quot;Invalid token&quot;}&#10;assert 401 == 200&#10; +  where 401 = &lt;Response [401]&gt;.status_code">tests/test_v3_security_features.py:245: in test_get_behavioral_stats
    assert response.status_code == 200, f"Expected 200, got {response.status_code}: {response.text}"
E   AssertionError: Expected 200, got 401: {"detail":"Invalid token"}
E   assert 401 == 200
E    +  where 401 = &lt;Response [401]&gt;.status_code</failure></testcase><testcase classname="tests.test_v3_security_features.TestContainerSecurity" name="test_get_container_stats" time="0.037"><failure message="AssertionError: Expected 200, got 401: {&quot;detail&quot;:&quot;Invalid token&quot;}&#10;assert 401 == 200&#10; +  where 401 = &lt;Response [401]&gt;.status_code">tests/test_v3_security_features.py:263: in test_get_container_stats
    assert response.status_code == 200, f"Expected 200, got {response.status_code}: {response.text}"
E   AssertionError: Expected 200, got 401: {"detail":"Invalid token"}
E   assert 401 == 200
E    +  where 401 = &lt;Response [401]&gt;.status_code</failure></testcase><testcase classname="tests.test_v3_security_features.TestContainerSecurity" name="test_get_containers" time="0.039"><failure message="AssertionError: Expected 200, got 401: {&quot;detail&quot;:&quot;Invalid token&quot;}&#10;assert 401 == 200&#10; +  where 401 = &lt;Response [401]&gt;.status_code">tests/test_v3_security_features.py:279: in test_get_containers
    assert response.status_code == 200, f"Expected 200, got {response.status_code}: {response.text}"
E   AssertionError: Expected 200, got 401: {"detail":"Invalid token"}
E   assert 401 == 200
E    +  where 401 = &lt;Response [401]&gt;.status_code</failure></testcase><testcase classname="tests.test_v3_security_features.TestContainerSecurity" name="test_get_scan_history" time="0.037"><failure message="AssertionError: Expected 200, got 401: {&quot;detail&quot;:&quot;Invalid token&quot;}&#10;assert 401 == 200&#10; +  where 401 = &lt;Response [401]&gt;.status_code">tests/test_v3_security_features.py:290: in test_get_scan_history
    assert response.status_code == 200, f"Expected 200, got {response.status_code}: {response.text}"
E   AssertionError: Expected 200, got 401: {"detail":"Invalid token"}
E   assert 401 == 200
E    +  where 401 = &lt;Response [401]&gt;.status_code</failure></testcase><testcase classname="tests.test_v3_security_features.TestContainerSecurity" name="test_get_runtime_events" time="0.035"><failure message="AssertionError: Expected 200, got 401: {&quot;detail&quot;:&quot;Invalid token&quot;}&#10;assert 401 == 200&#10; +  where 401 = &lt;Response [401]&gt;.status_code">tests/test_v3_security_features.py:301: in test_get_runtime_events
    assert response.status_code == 200, f"Expected 200, got {response.status_code}: {response.text}"
E   AssertionError: Expected 200, got 401: {"detail":"Invalid token"}
E   assert 401 == 200
E    +  where 401 = &lt;Response [401]&gt;.status_code</failure></testcase><testcase classname="tests.test_v3_security_features.TestVPNIntegration" name="test_get_vpn_status" time="0.038"><failure message="AssertionError: Expected 200, got 401: {&quot;detail&quot;:&quot;Invalid token&quot;}&#10;assert 401 == 200&#10; +  where 401 = &lt;Response [401]&gt;.status_code">tests/test_v3_security_features.py:316: in test_get_vpn_status
    assert response.status_code == 200, f"Expected 200, got {response.status_code}: {response.text}"
E   AssertionError: Expected 200, got 401: {"detail":"Invalid token"}
E   assert 401 == 200
E    +  where 401 = &lt;Response [401]&gt;.status_code</failure></testcase><testcase classname="tests.test_v3_security_features.TestVPNIntegration" name="test_get_vpn_peers" time="0.041"><failure message="AssertionError: Expected 200, got 401: {&quot;detail&quot;:&quot;Invalid token&quot;}&#10;assert 401 == 200&#10; +  where 401 = &lt;Response [401]&gt;.status_code">tests/test_v3_security_features.py:337: in test_get_vpn_peers
    assert response.status_code == 200, f"Expected 200, got {response.status_code}: {response.text}"
E   AssertionError: Expected 200, got 401: {"detail":"Invalid token"}
E   assert 401 == 200
E    +  where 401 = &lt;Response [401]&gt;.status_code</failure></testcase><testcase classname="tests.test_v3_security_features.TestVPNIntegration" name="test_get_kill_switch_status" time="0.037"><failure message="AssertionError: Expected 200, got 401: {&quot;detail&quot;:&quot;Invalid token&quot;}&#10;assert 401 == 200&#10; +  where 401 = &lt;Response [401]&gt;.status_code">tests/test_v3_security_features.py:348: in test_get_kill_switch_status
    assert response.status_code == 200, f"Expected 200, got {response.status_code}: {response.text}"
E   AssertionError: Expected 200, got 401: {"detail":"Invalid token"}
E   assert 401 == 200
E    +  where 401 = &lt;Response [401]&gt;.status_code</failure></testcase><testcase classname="tests.test_v3_security_features.TestAuthenticationRequired" name="test_threat_intel_requires_auth" time="0.037" /><testcase classname="tests.test_v3_security_features.TestAuthenticationRequired" name="test_ransomware_requires_auth" time="0.042" /><testcase classname="tests.test_v3_security_features.TestAuthenticationRequired" name="test_containers_requires_auth" time="0.045" /><testcase classname="tests.test_v3_security_features.TestAuthenticationRequired" name="test_vpn_requires_auth" time="0.039" /></testsuite></testsuites>