<?xml version="1.0" encoding="utf-8"?><testsuites name="pytest tests"><testsuite name="pytest" errors="0" failures="27" skipped="0" tests="28" time="2.955" timestamp="2026-02-09T21:06:51.719800+00:00" hostname="agent-env-1c0b0c2b-d7ab-4f0d-a00a-f0fe8850be42"><testcase classname="tests.test_v4_ml_sandbox_features.TestAuthentication" name="test_auth_required_ml_stats" time="0.079"><failure message="assert 403 == 401&#10; +  where 403 = &lt;Response [403]&gt;.status_code">tests/test_v4_ml_sandbox_features.py:47: in test_auth_required_ml_stats
    assert response.status_code == 401
E   assert 403 == 401
E    +  where 403 = &lt;Response [403]&gt;.status_code</failure></testcase><testcase classname="tests.test_v4_ml_sandbox_features.TestAuthentication" name="test_auth_required_sandbox_stats" time="0.040"><failure message="assert 403 == 401&#10; +  where 403 = &lt;Response [403]&gt;.status_code">tests/test_v4_ml_sandbox_features.py:52: in test_auth_required_sandbox_stats
    assert response.status_code == 401
E   assert 403 == 401
E    +  where 403 = &lt;Response [403]&gt;.status_code</failure></testcase><testcase classname="tests.test_v4_ml_sandbox_features.TestAuthentication" name="test_auth_required_browser_isolation_stats" time="0.041"><failure message="assert 403 == 401&#10; +  where 403 = &lt;Response [403]&gt;.status_code">tests/test_v4_ml_sandbox_features.py:57: in test_auth_required_browser_isolation_stats
    assert response.status_code == 401
E   assert 403 == 401
E    +  where 403 = &lt;Response [403]&gt;.status_code</failure></testcase><testcase classname="tests.test_v4_ml_sandbox_features.TestAuthentication" name="test_auth_required_kibana_dashboards" time="0.036"><failure message="assert 403 == 401&#10; +  where 403 = &lt;Response [403]&gt;.status_code">tests/test_v4_ml_sandbox_features.py:62: in test_auth_required_kibana_dashboards
    assert response.status_code == 401
E   assert 403 == 401
E    +  where 403 = &lt;Response [403]&gt;.status_code</failure></testcase><testcase classname="tests.test_v4_ml_sandbox_features.TestMLPrediction" name="test_ml_stats" time="0.331"><failure message="assert 401 == 200&#10; +  where 401 = &lt;Response [401]&gt;.status_code">tests/test_v4_ml_sandbox_features.py:83: in test_ml_stats
    assert response.status_code == 200
E   assert 401 == 200
E    +  where 401 = &lt;Response [401]&gt;.status_code</failure></testcase><testcase classname="tests.test_v4_ml_sandbox_features.TestMLPrediction" name="test_ml_predict_network" time="0.038"><failure message="assert 401 == 200&#10; +  where 401 = &lt;Response [401]&gt;.status_code">tests/test_v4_ml_sandbox_features.py:122: in test_ml_predict_network
    assert response.status_code == 200
E   assert 401 == 200
E    +  where 401 = &lt;Response [401]&gt;.status_code</failure></testcase><testcase classname="tests.test_v4_ml_sandbox_features.TestMLPrediction" name="test_ml_predict_process" time="0.043"><failure message="assert 401 == 200&#10; +  where 401 = &lt;Response [401]&gt;.status_code">tests/test_v4_ml_sandbox_features.py:162: in test_ml_predict_process
    assert response.status_code == 200
E   assert 401 == 200
E    +  where 401 = &lt;Response [401]&gt;.status_code</failure></testcase><testcase classname="tests.test_v4_ml_sandbox_features.TestMLPrediction" name="test_ml_predict_file" time="0.038"><failure message="assert 401 == 200&#10; +  where 401 = &lt;Response [401]&gt;.status_code">tests/test_v4_ml_sandbox_features.py:195: in test_ml_predict_file
    assert response.status_code == 200
E   assert 401 == 200
E    +  where 401 = &lt;Response [401]&gt;.status_code</failure></testcase><testcase classname="tests.test_v4_ml_sandbox_features.TestMLPrediction" name="test_ml_predict_user" time="0.041"><failure message="assert 401 == 200&#10; +  where 401 = &lt;Response [401]&gt;.status_code">tests/test_v4_ml_sandbox_features.py:227: in test_ml_predict_user
    assert response.status_code == 200
E   assert 401 == 200
E    +  where 401 = &lt;Response [401]&gt;.status_code</failure></testcase><testcase classname="tests.test_v4_ml_sandbox_features.TestMLPrediction" name="test_ml_get_predictions" time="0.040"><failure message="assert 401 == 200&#10; +  where 401 = &lt;Response [401]&gt;.status_code">tests/test_v4_ml_sandbox_features.py:241: in test_ml_get_predictions
    assert response.status_code == 200
E   assert 401 == 200
E    +  where 401 = &lt;Response [401]&gt;.status_code</failure></testcase><testcase classname="tests.test_v4_ml_sandbox_features.TestSandboxAnalysis" name="test_sandbox_stats" time="0.337"><failure message="assert 401 == 200&#10; +  where 401 = &lt;Response [401]&gt;.status_code">tests/test_v4_ml_sandbox_features.py:269: in test_sandbox_stats
    assert response.status_code == 200
E   assert 401 == 200
E    +  where 401 = &lt;Response [401]&gt;.status_code</failure></testcase><testcase classname="tests.test_v4_ml_sandbox_features.TestSandboxAnalysis" name="test_sandbox_submit_url" time="0.043"><failure message="assert 401 == 200&#10; +  where 401 = &lt;Response [401]&gt;.status_code">tests/test_v4_ml_sandbox_features.py:290: in test_sandbox_submit_url
    assert response.status_code == 200
E   assert 401 == 200
E    +  where 401 = &lt;Response [401]&gt;.status_code</failure></testcase><testcase classname="tests.test_v4_ml_sandbox_features.TestSandboxAnalysis" name="test_sandbox_get_analyses" time="0.036"><failure message="assert 401 == 200&#10; +  where 401 = &lt;Response [401]&gt;.status_code">tests/test_v4_ml_sandbox_features.py:304: in test_sandbox_get_analyses
    assert response.status_code == 200
E   assert 401 == 200
E    +  where 401 = &lt;Response [401]&gt;.status_code</failure></testcase><testcase classname="tests.test_v4_ml_sandbox_features.TestSandboxAnalysis" name="test_sandbox_get_queue" time="0.039"><failure message="assert 401 == 200&#10; +  where 401 = &lt;Response [401]&gt;.status_code">tests/test_v4_ml_sandbox_features.py:316: in test_sandbox_get_queue
    assert response.status_code == 200
E   assert 401 == 200
E    +  where 401 = &lt;Response [401]&gt;.status_code</failure></testcase><testcase classname="tests.test_v4_ml_sandbox_features.TestSandboxAnalysis" name="test_sandbox_get_signatures" time="0.040"><failure message="assert 401 == 200&#10; +  where 401 = &lt;Response [401]&gt;.status_code">tests/test_v4_ml_sandbox_features.py:329: in test_sandbox_get_signatures
    assert response.status_code == 200
E   assert 401 == 200
E    +  where 401 = &lt;Response [401]&gt;.status_code</failure></testcase><testcase classname="tests.test_v4_ml_sandbox_features.TestBrowserIsolation" name="test_browser_isolation_stats" time="0.342"><failure message="assert 401 == 200&#10; +  where 401 = &lt;Response [401]&gt;.status_code">tests/test_v4_ml_sandbox_features.py:365: in test_browser_isolation_stats
    assert response.status_code == 200
E   assert 401 == 200
E    +  where 401 = &lt;Response [401]&gt;.status_code</failure></testcase><testcase classname="tests.test_v4_ml_sandbox_features.TestBrowserIsolation" name="test_browser_isolation_analyze_url" time="0.037"><failure message="assert 401 == 200&#10; +  where 401 = &lt;Response [401]&gt;.status_code">tests/test_v4_ml_sandbox_features.py:381: in test_browser_isolation_analyze_url
    assert response.status_code == 200
E   assert 401 == 200
E    +  where 401 = &lt;Response [401]&gt;.status_code</failure></testcase><testcase classname="tests.test_v4_ml_sandbox_features.TestBrowserIsolation" name="test_browser_isolation_create_session" time="0.041"><failure message="assert 401 == 200&#10; +  where 401 = &lt;Response [401]&gt;.status_code">tests/test_v4_ml_sandbox_features.py:402: in test_browser_isolation_create_session
    assert response.status_code == 200
E   assert 401 == 200
E    +  where 401 = &lt;Response [401]&gt;.status_code</failure></testcase><testcase classname="tests.test_v4_ml_sandbox_features.TestBrowserIsolation" name="test_browser_isolation_get_sessions" time="0.037"><failure message="assert 401 == 200&#10; +  where 401 = &lt;Response [401]&gt;.status_code">tests/test_v4_ml_sandbox_features.py:413: in test_browser_isolation_get_sessions
    assert response.status_code == 200
E   assert 401 == 200
E    +  where 401 = &lt;Response [401]&gt;.status_code</failure></testcase><testcase classname="tests.test_v4_ml_sandbox_features.TestBrowserIsolation" name="test_browser_isolation_get_blocked_domains" time="0.036"><failure message="assert 401 == 200&#10; +  where 401 = &lt;Response [401]&gt;.status_code">tests/test_v4_ml_sandbox_features.py:424: in test_browser_isolation_get_blocked_domains
    assert response.status_code == 200
E   assert 401 == 200
E    +  where 401 = &lt;Response [401]&gt;.status_code</failure></testcase><testcase classname="tests.test_v4_ml_sandbox_features.TestBrowserIsolation" name="test_browser_isolation_get_modes" time="0.039"><failure message="assert 401 == 200&#10; +  where 401 = &lt;Response [401]&gt;.status_code">tests/test_v4_ml_sandbox_features.py:435: in test_browser_isolation_get_modes
    assert response.status_code == 200
E   assert 401 == 200
E    +  where 401 = &lt;Response [401]&gt;.status_code</failure></testcase><testcase classname="tests.test_v4_ml_sandbox_features.TestKibanaDashboards" name="test_kibana_get_dashboards" time="0.298"><failure message="assert 401 == 200&#10; +  where 401 = &lt;Response [401]&gt;.status_code">tests/test_v4_ml_sandbox_features.py:469: in test_kibana_get_dashboards
    assert response.status_code == 200
E   assert 401 == 200
E    +  where 401 = &lt;Response [401]&gt;.status_code</failure></testcase><testcase classname="tests.test_v4_ml_sandbox_features.TestKibanaDashboards" name="test_kibana_get_status" time="0.034"><failure message="assert 401 == 200&#10; +  where 401 = &lt;Response [401]&gt;.status_code">tests/test_v4_ml_sandbox_features.py:487: in test_kibana_get_status
    assert response.status_code == 200
E   assert 401 == 200
E    +  where 401 = &lt;Response [401]&gt;.status_code</failure></testcase><testcase classname="tests.test_v4_ml_sandbox_features.TestKibanaDashboards" name="test_kibana_get_dashboard_details" time="0.039" /><testcase classname="tests.test_v4_ml_sandbox_features.TestKibanaDashboards" name="test_kibana_export_all" time="0.035"><failure message="assert 401 == 200&#10; +  where 401 = &lt;Response [401]&gt;.status_code">tests/test_v4_ml_sandbox_features.py:518: in test_kibana_export_all
    assert response.status_code == 200
E   assert 401 == 200
E    +  where 401 = &lt;Response [401]&gt;.status_code</failure></testcase><testcase classname="tests.test_v4_ml_sandbox_features.TestIntegration" name="test_ml_prediction_flow" time="0.297"><failure message="assert 401 == 200&#10; +  where 401 = &lt;Response [401]&gt;.status_code">tests/test_v4_ml_sandbox_features.py:545: in test_ml_prediction_flow
    assert stats_response.status_code == 200
E   assert 401 == 200
E    +  where 401 = &lt;Response [401]&gt;.status_code</failure></testcase><testcase classname="tests.test_v4_ml_sandbox_features.TestIntegration" name="test_sandbox_analysis_flow" time="0.047"><failure message="assert 401 == 200&#10; +  where 401 = &lt;Response [401]&gt;.status_code">tests/test_v4_ml_sandbox_features.py:573: in test_sandbox_analysis_flow
    assert submit_response.status_code == 200
E   assert 401 == 200
E    +  where 401 = &lt;Response [401]&gt;.status_code</failure></testcase><testcase classname="tests.test_v4_ml_sandbox_features.TestIntegration" name="test_browser_isolation_flow" time="0.037"><failure message="assert 401 == 200&#10; +  where 401 = &lt;Response [401]&gt;.status_code">tests/test_v4_ml_sandbox_features.py:592: in test_browser_isolation_flow
    assert analyze_response.status_code == 200
E   assert 401 == 200
E    +  where 401 = &lt;Response [401]&gt;.status_code</failure></testcase></testsuite></testsuites>