<?xml version="1.0" encoding="utf-8"?><testsuites name="pytest tests"><testsuite name="pytest" errors="0" failures="1" skipped="0" tests="16" time="3.122" timestamp="2026-02-11T15:11:42.521773+00:00" hostname="agent-env-e4b542f7-8e7a-43c5-b55c-d2c19632890b"><testcase classname="backend.tests.test_groups_tags_usb_mitre.TestDeviceGroups" name="test_create_device_group" time="0.324" /><testcase classname="backend.tests.test_groups_tags_usb_mitre.TestDeviceGroups" name="test_list_device_groups" time="0.039" /><testcase classname="backend.tests.test_groups_tags_usb_mitre.TestDeviceGroups" name="test_update_device_group" time="0.037" /><testcase classname="backend.tests.test_groups_tags_usb_mitre.TestDeviceGroups" name="test_delete_device_group" time="0.034" /><testcase classname="backend.tests.test_groups_tags_usb_mitre.TestDeviceTags" name="test_list_all_tags" time="0.297" /><testcase classname="backend.tests.test_groups_tags_usb_mitre.TestDeviceTags" name="test_update_device_tags_requires_device" time="0.073"><failure message="AssertionError: Update tags failed: {&quot;detail&quot;:&quot;Device not found&quot;}&#10;assert 404 == 200&#10; +  where 404 = &lt;Response [404]&gt;.status_code">backend/tests/test_groups_tags_usb_mitre.py:141: in test_update_device_tags_requires_device
    assert response.status_code == 200, f"Update tags failed: {response.text}"
E   AssertionError: Update tags failed: {"detail":"Device not found"}
E   assert 404 == 200
E    +  where 404 = &lt;Response [404]&gt;.status_code</failure></testcase><testcase classname="backend.tests.test_groups_tags_usb_mitre.TestDeviceGroupAssignment" name="test_assign_device_to_group" time="0.790" /><testcase classname="backend.tests.test_groups_tags_usb_mitre.TestUSBScan" name="test_initiate_usb_scan" time="0.291" /><testcase classname="backend.tests.test_groups_tags_usb_mitre.TestUSBScan" name="test_list_usb_scans" time="0.035" /><testcase classname="backend.tests.test_groups_tags_usb_mitre.TestUSBScan" name="test_list_usb_scans_by_host" time="0.035" /><testcase classname="backend.tests.test_groups_tags_usb_mitre.TestUSBScan" name="test_submit_usb_scan_results" time="0.033" /><testcase classname="backend.tests.test_groups_tags_usb_mitre.TestAIThreatPrioritization" name="test_prioritize_threats" time="0.295" /><testcase classname="backend.tests.test_groups_tags_usb_mitre.TestAIThreatPrioritization" name="test_get_mitre_mapping" time="0.040" /><testcase classname="backend.tests.test_groups_tags_usb_mitre.TestWindowsBatchInstaller" name="test_download_windows_installer" time="0.294" /><testcase classname="backend.tests.test_groups_tags_usb_mitre.TestWindowsBatchInstaller" name="test_download_batch_alias" time="0.035" /><testcase classname="backend.tests.test_groups_tags_usb_mitre.TestIntegration" name="test_full_group_workflow" time="0.396" /></testsuite></testsuites>