<?xml version="1.0" encoding="utf-8"?><testsuites name="pytest tests"><testsuite name="pytest" errors="0" failures="11" skipped="0" tests="15" time="3.604" timestamp="2026-02-11T14:52:40.856361+00:00" hostname="agent-env-e4b542f7-8e7a-43c5-b55c-d2c19632890b"><testcase classname="backend.tests.test_command_center_network.TestAuthentication" name="test_login_success" time="0.334"><failure message="AssertionError: assert 'token' in {'access_token': 'eyJhbGciOiJIUzI1NiIsInR5cCI6IkpXVCJ9.eyJ1c2VyX2lkIjoiNTdiN2VmN2YtMmQwOS00ZDNkLThhOGItNDgwNzZiZTA4ZGM5IiwiZW1haWwiOiJ0ZXN0QGRlZmVuZGVyLmlvIiwiZXhwIjoxNzcwOTA3OTYxfQ.2ZpmBhLfgMPxl6KR1u2t9yYs5mKCxO_ns23yzV5XEhc', 'token_type': 'bearer', 'user': {'created_at': '2026-02-09T17:30:58.417260+00:00', 'email': 'test@defender.io', 'id': '57b7ef7f-2d09-4d3d-8a8b-48076be08dc9', 'name': 'Test User', ...}}">backend/tests/test_command_center_network.py:24: in test_login_success
    assert "token" in data
E   AssertionError: assert 'token' in {'access_token': 'eyJhbGciOiJIUzI1NiIsInR5cCI6IkpXVCJ9.eyJ1c2VyX2lkIjoiNTdiN2VmN2YtMmQwOS00ZDNkLThhOGItNDgwNzZiZTA4ZGM5IiwiZW1haWwiOiJ0ZXN0QGRlZmVuZGVyLmlvIiwiZXhwIjoxNzcwOTA3OTYxfQ.2ZpmBhLfgMPxl6KR1u2t9yYs5mKCxO_ns23yzV5XEhc', 'token_type': 'bearer', 'user': {'created_at': '2026-02-09T17:30:58.417260+00:00', 'email': 'test@defender.io', 'id': '57b7ef7f-2d09-4d3d-8a8b-48076be08dc9', 'name': 'Test User', ...}}</failure></testcase><testcase classname="backend.tests.test_command_center_network.TestCriticalAlertsEndpoints" name="test_post_critical_alert" time="0.052" /><testcase classname="backend.tests.test_command_center_network.TestCriticalAlertsEndpoints" name="test_get_critical_alerts" time="0.303"><failure message="assert 401 == 200&#10; +  where 401 = &lt;Response [401]&gt;.status_code">backend/tests/test_command_center_network.py:73: in test_get_critical_alerts
    assert response.status_code == 200
E   assert 401 == 200
E    +  where 401 = &lt;Response [401]&gt;.status_code</failure></testcase><testcase classname="backend.tests.test_command_center_network.TestCriticalAlertsEndpoints" name="test_get_critical_alerts_with_acknowledged_filter" time="0.292"><failure message="assert 401 == 200&#10; +  where 401 = &lt;Response [401]&gt;.status_code">backend/tests/test_command_center_network.py:83: in test_get_critical_alerts_with_acknowledged_filter
    assert response.status_code == 200
E   assert 401 == 200
E    +  where 401 = &lt;Response [401]&gt;.status_code</failure></testcase><testcase classname="backend.tests.test_command_center_network.TestDeploymentEndpoints" name="test_deploy_single_device" time="0.301"><failure message="assert 401 in [200, 503]&#10; +  where 401 = &lt;Response [401]&gt;.status_code">backend/tests/test_command_center_network.py:116: in test_deploy_single_device
    assert response.status_code in [200, 503]
E   assert 401 in [200, 503]
E    +  where 401 = &lt;Response [401]&gt;.status_code</failure></testcase><testcase classname="backend.tests.test_command_center_network.TestDeploymentEndpoints" name="test_deploy_winrm" time="0.293"><failure message="assert 401 in [200, 503]&#10; +  where 401 = &lt;Response [401]&gt;.status_code">backend/tests/test_command_center_network.py:132: in test_deploy_winrm
    assert response.status_code in [200, 503]
E   assert 401 in [200, 503]
E    +  where 401 = &lt;Response [401]&gt;.status_code</failure></testcase><testcase classname="backend.tests.test_command_center_network.TestNetworkTopologyEndpoints" name="test_get_network_topology" time="0.289"><failure message="assert 401 == 200&#10; +  where 401 = &lt;Response [401]&gt;.status_code">backend/tests/test_command_center_network.py:158: in test_get_network_topology
    assert response.status_code == 200
E   assert 401 == 200
E    +  where 401 = &lt;Response [401]&gt;.status_code</failure></testcase><testcase classname="backend.tests.test_command_center_network.TestSwarmOverviewEndpoints" name="test_get_swarm_overview" time="0.286"><failure message="assert 401 == 200&#10; +  where 401 = &lt;Response [401]&gt;.status_code">backend/tests/test_command_center_network.py:184: in test_get_swarm_overview
    assert response.status_code == 200
E   assert 401 == 200
E    +  where 401 = &lt;Response [401]&gt;.status_code</failure></testcase><testcase classname="backend.tests.test_command_center_network.TestTelemetryEndpoints" name="test_get_telemetry_critical" time="0.297"><failure message="assert 401 == 200&#10; +  where 401 = &lt;Response [401]&gt;.status_code">backend/tests/test_command_center_network.py:210: in test_get_telemetry_critical
    assert response.status_code == 200
E   assert 401 == 200
E    +  where 401 = &lt;Response [401]&gt;.status_code</failure></testcase><testcase classname="backend.tests.test_command_center_network.TestTelemetryEndpoints" name="test_ingest_telemetry" time="0.037" /><testcase classname="backend.tests.test_command_center_network.TestAgentCommandsEndpoints" name="test_get_pending_commands" time="0.291"><failure message="assert 401 == 200&#10; +  where 401 = &lt;Response [401]&gt;.status_code">backend/tests/test_command_center_network.py:257: in test_get_pending_commands
    assert response.status_code == 200
E   assert 401 == 200
E    +  where 401 = &lt;Response [401]&gt;.status_code</failure></testcase><testcase classname="backend.tests.test_command_center_network.TestAgentCommandsEndpoints" name="test_get_command_history" time="0.300"><failure message="assert 401 == 200&#10; +  where 401 = &lt;Response [401]&gt;.status_code">backend/tests/test_command_center_network.py:266: in test_get_command_history
    assert response.status_code == 200
E   assert 401 == 200
E    +  where 401 = &lt;Response [401]&gt;.status_code</failure></testcase><testcase classname="backend.tests.test_command_center_network.TestAgentCommandsEndpoints" name="test_get_agents_status" time="0.288"><failure message="assert 401 == 200&#10; +  where 401 = &lt;Response [401]&gt;.status_code">backend/tests/test_command_center_network.py:275: in test_get_agents_status
    assert response.status_code == 200
E   assert 401 == 200
E    +  where 401 = &lt;Response [401]&gt;.status_code</failure></testcase><testcase classname="backend.tests.test_command_center_network.TestAgentDownloadEndpoints" name="test_download_v7_agent" time="0.039" /><testcase classname="backend.tests.test_command_center_network.TestAgentDownloadEndpoints" name="test_download_mobile_v7_agent" time="0.033" /></testsuite></testsuites>