<?xml version="1.0" encoding="utf-8"?><testsuites name="pytest tests"><testsuite name="pytest" errors="0" failures="2" skipped="0" tests="36" time="15.913" timestamp="2026-02-09T17:34:59.516915+00:00" hostname="agent-env-bdeedc7a-000a-4f26-878f-2f220f7adbc8"><testcase classname="tests.test_refactored_api.TestHealthAndRoot" name="test_health_endpoint" time="0.086" /><testcase classname="tests.test_refactored_api.TestHealthAndRoot" name="test_root_endpoint" time="0.043" /><testcase classname="tests.test_refactored_api.TestAuthentication" name="test_register_new_user" time="0.270" /><testcase classname="tests.test_refactored_api.TestAuthentication" name="test_register_duplicate_email" time="0.353" /><testcase classname="tests.test_refactored_api.TestAuthentication" name="test_login_valid_credentials" time="0.264" /><testcase classname="tests.test_refactored_api.TestAuthentication" name="test_login_invalid_credentials" time="0.042" /><testcase classname="tests.test_refactored_api.TestAuthentication" name="test_get_me_authenticated" time="0.305" /><testcase classname="tests.test_refactored_api.TestAuthentication" name="test_get_me_unauthenticated" time="0.040" /><testcase classname="tests.test_refactored_api.TestThreats" name="test_get_threats" time="0.311" /><testcase classname="tests.test_refactored_api.TestThreats" name="test_create_threat" time="0.038" /><testcase classname="tests.test_refactored_api.TestThreats" name="test_get_threat_by_id" time="0.077" /><testcase classname="tests.test_refactored_api.TestThreats" name="test_get_threats_with_filter" time="0.046" /><testcase classname="tests.test_refactored_api.TestThreats" name="test_threats_requires_auth" time="0.042" /><testcase classname="tests.test_refactored_api.TestAlerts" name="test_get_alerts" time="0.303" /><testcase classname="tests.test_refactored_api.TestAlerts" name="test_create_alert" time="0.044" /><testcase classname="tests.test_refactored_api.TestAlerts" name="test_alerts_requires_auth" time="0.038" /><testcase classname="tests.test_refactored_api.TestDashboard" name="test_get_dashboard_stats" time="0.309" /><testcase classname="tests.test_refactored_api.TestDashboard" name="test_dashboard_requires_auth" time="0.037" /><testcase classname="tests.test_refactored_api.TestNetwork" name="test_get_network_topology" time="0.299" /><testcase classname="tests.test_refactored_api.TestNetwork" name="test_network_requires_auth" time="0.037" /><testcase classname="tests.test_refactored_api.TestAgentDownload" name="test_download_agent" time="0.170" /><testcase classname="tests.test_refactored_api.TestSettings" name="test_get_notification_settings" time="0.299" /><testcase classname="tests.test_refactored_api.TestSettings" name="test_settings_requires_auth" time="0.078" /><testcase classname="tests.test_refactored_api.TestQuarantine" name="test_get_quarantine_list" time="0.338" /><testcase classname="tests.test_refactored_api.TestQuarantine" name="test_get_quarantine_summary" time="0.034" /><testcase classname="tests.test_refactored_api.TestQuarantine" name="test_quarantine_requires_auth" time="0.039" /><testcase classname="tests.test_refactored_api.TestAdditionalRouters" name="test_ai_analysis_endpoint" time="7.321" /><testcase classname="tests.test_refactored_api.TestAdditionalRouters" name="test_hunting_endpoint" time="4.192" /><testcase classname="tests.test_refactored_api.TestAdditionalRouters" name="test_honeypots_endpoint" time="0.041" /><testcase classname="tests.test_refactored_api.TestAdditionalRouters" name="test_reports_endpoint" time="0.052" /><testcase classname="tests.test_refactored_api.TestAdditionalRouters" name="test_agents_list_endpoint" time="0.043" /><testcase classname="tests.test_refactored_api.TestAdditionalRouters" name="test_response_rules_endpoint" time="0.041"><failure message="AssertionError: Response stats failed: Internal Server Error&#10;assert 520 == 200&#10; +  where 520 = &lt;Response [520]&gt;.status_code">tests/test_refactored_api.py:479: in test_response_rules_endpoint
    assert response.status_code == 200, f"Response stats failed: {response.text}"
E   AssertionError: Response stats failed: Internal Server Error
E   assert 520 == 200
E    +  where 520 = &lt;Response [520]&gt;.status_code</failure></testcase><testcase classname="tests.test_refactored_api.TestAdditionalRouters" name="test_audit_logs_endpoint" time="0.036"><failure message="AssertionError: Audit logs failed: Internal Server Error&#10;assert 520 == 200&#10; +  where 520 = &lt;Response [520]&gt;.status_code">tests/test_refactored_api.py:488: in test_audit_logs_endpoint
    assert response.status_code == 200, f"Audit logs failed: {response.text}"
E   AssertionError: Audit logs failed: Internal Server Error
E   assert 520 == 200
E    +  where 520 = &lt;Response [520]&gt;.status_code</failure></testcase><testcase classname="tests.test_refactored_api.TestAdditionalRouters" name="test_timelines_endpoint" time="0.043" /><testcase classname="tests.test_refactored_api.TestAdditionalRouters" name="test_websocket_stats_endpoint" time="0.037" /><testcase classname="tests.test_refactored_api.TestAdditionalRouters" name="test_openclaw_config_endpoint" time="0.040" /></testsuite></testsuites>