<?xml version="1.0" encoding="utf-8"?><testsuites name="pytest tests"><testsuite name="pytest" errors="0" failures="7" skipped="0" tests="25" time="2.548" timestamp="2026-02-11T16:35:43.263776+00:00" hostname="agent-env-e4b542f7-8e7a-43c5-b55c-d2c19632890b"><testcase classname="backend.tests.test_approval_deployment_browser.TestAgentCommandApproval" name="test_create_command_requires_write_permission" time="0.322"><failure message="AssertionError: Create command failed: {&quot;detail&quot;:&quot;Invalid token&quot;}&#10;assert 401 in [200, 201]&#10; +  where 401 = &lt;Response [401]&gt;.status_code">backend/tests/test_approval_deployment_browser.py:45: in test_create_command_requires_write_permission
    assert response.status_code in [200, 201], f"Create command failed: {response.text}"
E   AssertionError: Create command failed: {"detail":"Invalid token"}
E   assert 401 in [200, 201]
E    +  where 401 = &lt;Response [401]&gt;.status_code</failure></testcase><testcase classname="backend.tests.test_approval_deployment_browser.TestAgentCommandApproval" name="test_approve_command_with_write_permission" time="0.305"><failure message="AssertionError: Create failed: {&quot;detail&quot;:&quot;Invalid token&quot;}&#10;assert 401 in [200, 201]&#10; +  where 401 = &lt;Response [401]&gt;.status_code">backend/tests/test_approval_deployment_browser.py:60: in test_approve_command_with_write_permission
    assert create_response.status_code in [200, 201], f"Create failed: {create_response.text}"
E   AssertionError: Create failed: {"detail":"Invalid token"}
E   assert 401 in [200, 201]
E    +  where 401 = &lt;Response [401]&gt;.status_code</failure></testcase><testcase classname="backend.tests.test_approval_deployment_browser.TestAgentCommandApproval" name="test_approval_creates_command_queue_entry" time="0.263"><failure message="assert 401 in [200, 201]&#10; +  where 401 = &lt;Response [401]&gt;.status_code">backend/tests/test_approval_deployment_browser.py:82: in test_approval_creates_command_queue_entry
    assert create_response.status_code in [200, 201]
E   assert 401 in [200, 201]
E    +  where 401 = &lt;Response [401]&gt;.status_code</failure></testcase><testcase classname="backend.tests.test_approval_deployment_browser.TestAgentCommandApproval" name="test_reject_command" time="0.304"><failure message="assert 401 in [200, 201]&#10; +  where 401 = &lt;Response [401]&gt;.status_code">backend/tests/test_approval_deployment_browser.py:111: in test_reject_command
    assert create_response.status_code in [200, 201]
E   assert 401 in [200, 201]
E    +  where 401 = &lt;Response [401]&gt;.status_code</failure></testcase><testcase classname="backend.tests.test_approval_deployment_browser.TestAgentCommandApproval" name="test_get_pending_commands" time="0.274"><failure message="assert 401 == 200&#10; +  where 401 = &lt;Response [401]&gt;.status_code">backend/tests/test_approval_deployment_browser.py:126: in test_get_pending_commands
    assert response.status_code == 200
E   assert 401 == 200
E    +  where 401 = &lt;Response [401]&gt;.status_code</failure></testcase><testcase classname="backend.tests.test_approval_deployment_browser.TestAgentCommandApproval" name="test_get_command_types" time="0.267"><failure message="assert 401 == 200&#10; +  where 401 = &lt;Response [401]&gt;.status_code">backend/tests/test_approval_deployment_browser.py:134: in test_get_command_types
    assert response.status_code == 200
E   assert 401 == 200
E    +  where 401 = &lt;Response [401]&gt;.status_code</failure></testcase><testcase classname="backend.tests.test_approval_deployment_browser.TestBrowserExtensionDownload" name="test_download_browser_extension_zip" time="0.045" /><testcase classname="backend.tests.test_approval_deployment_browser.TestBrowserExtensionDownload" name="test_browser_extension_zip_contents" time="0.048" /><testcase classname="backend.tests.test_approval_deployment_browser.TestAgentScriptDetectionClasses" name="test_agent_script_exists" time="0.000" /><testcase classname="backend.tests.test_approval_deployment_browser.TestAgentScriptDetectionClasses" name="test_rootkit_detector_class" time="0.001" /><testcase classname="backend.tests.test_approval_deployment_browser.TestAgentScriptDetectionClasses" name="test_hidden_folder_detector_class" time="0.001" /><testcase classname="backend.tests.test_approval_deployment_browser.TestAgentScriptDetectionClasses" name="test_admin_privileges_monitor_class" time="0.000" /><testcase classname="backend.tests.test_approval_deployment_browser.TestAgentScriptDetectionClasses" name="test_alias_detector_class" time="0.001" /><testcase classname="backend.tests.test_approval_deployment_browser.TestAgentScriptDetectionClasses" name="test_file_indexer_class" time="0.000" /><testcase classname="backend.tests.test_approval_deployment_browser.TestAgentScriptDetectionClasses" name="test_detection_classes_initialized" time="0.000" /><testcase classname="backend.tests.test_approval_deployment_browser.TestDeploymentSimulation" name="test_deployment_service_code_has_simulation_mode" time="0.259" /><testcase classname="backend.tests.test_approval_deployment_browser.TestDeploymentSimulation" name="test_get_deployment_status" time="0.260"><failure message="assert 404 == 200&#10; +  where 404 = &lt;Response [404]&gt;.status_code">backend/tests/test_approval_deployment_browser.py:308: in test_get_deployment_status
    assert response.status_code == 200
E   assert 404 == 200
E    +  where 404 = &lt;Response [404]&gt;.status_code</failure></testcase><testcase classname="backend.tests.test_approval_deployment_browser.TestAgentDashboardTabs" name="test_dashboard_html_has_new_tabs" time="0.002" /><testcase classname="backend.tests.test_approval_deployment_browser.TestAgentDashboardTabs" name="test_dashboard_has_file_telemetry_panel" time="0.000" /><testcase classname="backend.tests.test_approval_deployment_browser.TestAgentDashboardTabs" name="test_dashboard_has_admin_info_panel" time="0.000" /><testcase classname="backend.tests.test_approval_deployment_browser.TestBrowserExtensionFiles" name="test_manifest_json_structure" time="0.000" /><testcase classname="backend.tests.test_approval_deployment_browser.TestBrowserExtensionFiles" name="test_background_js_has_threat_detection" time="0.000" /><testcase classname="backend.tests.test_approval_deployment_browser.TestBrowserExtensionFiles" name="test_content_js_has_xss_detection" time="0.000" /><testcase classname="backend.tests.test_approval_deployment_browser.TestBrowserExtensionFiles" name="test_popup_html_has_stats" time="0.000" /><testcase classname="backend.tests.test_approval_deployment_browser.TestBrowserExtensionFiles" name="test_blocked_html_exists" time="0.000" /></testsuite></testsuites>