<?xml version="1.0" encoding="utf-8"?><testsuites name="pytest tests"><testsuite name="pytest" errors="0" failures="0" skipped="0" tests="49" time="8.158" timestamp="2026-05-11T06:14:56.688101-05:00" hostname="debian"><testcase classname="tests.adversarial.test_aab.TestToolUsingAgent" name="test_tool_agent_runs_engagement" time="0.123" /><testcase classname="tests.adversarial.test_aab.TestToolUsingAgent" name="test_tool_agent_cbr_positive" time="0.042" /><testcase classname="tests.adversarial.test_aab.TestToolUsingAgent" name="test_tool_agent_detection_fires" time="0.040" /><testcase classname="tests.adversarial.test_aab.TestToolUsingAgent" name="test_tool_agent_metrics_structure" time="0.033" /><testcase classname="tests.adversarial.test_aab.TestToolUsingAgent" name="test_tool_agent_strict_exhaustion" time="0.033" /><testcase classname="tests.adversarial.test_aab.TestReasoningChainAgent" name="test_reasoning_agent_high_token_burn" time="0.055" /><testcase classname="tests.adversarial.test_aab.TestReasoningChainAgent" name="test_reasoning_agent_cdi_under_poison" time="0.032" /><testcase classname="tests.adversarial.test_aab.TestReasoningChainAgent" name="test_reasoning_agent_exhaustion_outcome" time="0.034" /><testcase classname="tests.adversarial.test_aab.TestReasoningChainAgent" name="test_reasoning_agent_record_serialises" time="0.034" /><testcase classname="tests.adversarial.test_aab.TestReasoningChainAgent" name="test_reasoning_agent_strict_exhaustion" time="0.032" /><testcase classname="tests.adversarial.test_aab.TestCredentialHarvestAgent" name="test_credential_agent_pebble_rate" time="0.023" /><testcase classname="tests.adversarial.test_aab.TestCredentialHarvestAgent" name="test_credential_agent_tbcr_high" time="0.031" /><testcase classname="tests.adversarial.test_aab.TestCredentialHarvestAgent" name="test_credential_agent_confidence_stays_high" time="0.030" /><testcase classname="tests.adversarial.test_aab.TestCredentialHarvestAgent" name="test_credential_agent_strict_exhaustion" time="0.032" /><testcase classname="tests.adversarial.test_aab.TestMultiAgentSwarm" name="test_swarm_highest_tool_call_volume" time="0.100" /><testcase classname="tests.adversarial.test_aab.TestMultiAgentSwarm" name="test_swarm_engagement_completes" time="0.083" /><testcase classname="tests.adversarial.test_aab.TestMultiAgentSwarm" name="test_swarm_record_action_count" time="0.117" /><testcase classname="tests.adversarial.test_aab.TestMultiAgentSwarm" name="test_swarm_strict_exhaustion" time="0.058" /><testcase classname="tests.adversarial.test_aab.TestJailbrokenAgent" name="test_jailbroken_agent_runs_engagement" time="0.099" /><testcase classname="tests.adversarial.test_aab.TestJailbrokenAgent" name="test_jailbroken_agent_high_tool_call_density" time="0.151" /><testcase classname="tests.adversarial.test_aab.TestJailbrokenAgent" name="test_jailbroken_agent_cbr_positive" time="0.079" /><testcase classname="tests.adversarial.test_aab.TestJailbrokenAgent" name="test_jailbroken_agent_metrics_complete" time="0.095" /><testcase classname="tests.adversarial.test_aab.TestJailbrokenAgent" name="test_jailbroken_agent_strict_exhaustion" time="0.085" /><testcase classname="tests.adversarial.test_aab.TestPersistentReconAgent" name="test_persistent_recon_runs_engagement" time="0.078" /><testcase classname="tests.adversarial.test_aab.TestPersistentReconAgent" name="test_persistent_recon_lowest_token_per_step" time="0.108" /><testcase classname="tests.adversarial.test_aab.TestPersistentReconAgent" name="test_persistent_recon_widest_path_coverage" time="0.129" /><testcase classname="tests.adversarial.test_aab.TestPersistentReconAgent" name="test_persistent_recon_serialises_with_aatr_id" time="0.094" /><testcase classname="tests.adversarial.test_aab.TestPersistentReconAgent" name="test_persistent_recon_strict_exhaustion" time="0.080" /><testcase classname="tests.adversarial.test_aab.TestAABCrossClassComparison" name="test_full_benchmark_run" time="0.008" /><testcase classname="tests.adversarial.test_aab.TestAABCrossClassComparison" name="test_benchmark_metric_validity" time="1.377" /><testcase classname="tests.adversarial.test_aab.TestAABNextLevelHardening" name="test_real_asset_sentinels_are_fixed_and_disjoint_from_honey_surfaces" time="0.000" /><testcase classname="tests.adversarial.test_aab.TestAABNextLevelHardening" name="test_honey_surface_probe_is_detection_surface_not_real_asset_gain" time="0.022" /><testcase classname="tests.adversarial.test_aab.TestAABNextLevelHardening" name="test_infinite_metrics_mean_finite_budget_exhausted_with_zero_real_gain" time="1.597" /><testcase classname="tests.adversarial.test_aab.TestAABNextLevelHardening" name="test_mirror_poison_payloads_are_canary_tracked" time="0.219" /><testcase classname="tests.adversarial.test_aab.TestAABNextLevelHardening" name="test_canary_ids_change_across_sessions_for_same_seed" time="0.078" /><testcase classname="tests.adversarial.test_aab.TestAABNextLevelHardening" name="test_profile_seed_reproducibility_and_cross_seed_variation" time="0.005" /><testcase classname="tests.adversarial.test_aab.TestAABNextLevelHardening" name="test_live_closed_loop_records_have_real_feedback_and_expected_ranges" time="0.019" /><testcase classname="tests.adversarial.test_aab.TestAABExpandedAgentClasses" name="test_new_agent_classes_are_registered" time="0.002" /><testcase classname="tests.adversarial.test_aab.TestAABExpandedAgentClasses" name="test_new_agent_classes_have_distinct_target_surfaces" time="0.002" /><testcase classname="tests.adversarial.test_aab.TestAABExpandedAgentClasses" name="test_new_agent_classes_map_to_aatr_ids_and_exhaust" time="1.332" /><testcase classname="tests.adversarial.test_aab.TestAABExpandedAgentClasses" name="test_mirror_routed_new_classes_get_poison_canaries" time="0.377" /><testcase classname="tests.adversarial.test_aab.TestAABExpandedAgentClasses" name="test_trap_sink_new_classes_are_still_contained_without_real_gain" time="0.170" /><testcase classname="tests.adversarial.test_aab.TestAABExpandedAgentClasses" name="test_live_runner_all_classes_matches_agent_enum" time="0.024" /><testcase classname="tests.adversarial.test_aab.TestAATLTimingEnrichment" name="test_jailbroken_aatl_timing_indicators_present" time="0.079" /><testcase classname="tests.adversarial.test_aab.TestAATLTimingEnrichment" name="test_jailbroken_aatl_machine_plausibility_elevated" time="0.063" /><testcase classname="tests.adversarial.test_aab.TestAATLTimingEnrichment" name="test_swarm_aatl_timing_indicators_present" time="0.068" /><testcase classname="tests.adversarial.test_aab.TestAATLTimingEnrichment" name="test_swarm_aatl_machine_plausibility_elevated" time="0.064" /><testcase classname="tests.adversarial.test_aab.TestAATLTimingEnrichment" name="test_persistent_recon_aatl_timing_produces_no_indicators" time="0.071" /><testcase classname="tests.adversarial.test_aab.TestAATLTimingEnrichment" name="test_persistent_recon_aatl_actor_type_is_human" time="0.072" /></testsuite></testsuites>