<?xml version="1.0" encoding="utf-8"?><testsuites name="pytest tests"><testsuite name="pytest" errors="0" failures="0" skipped="0" tests="139" time="5.023" timestamp="2026-05-08T04:00:36.203639-05:00" hostname="debian"><testcase classname="tests.adversarial.test_aab.TestToolUsingAgent" name="test_tool_agent_runs_engagement" time="0.137" /><testcase classname="tests.adversarial.test_aab.TestToolUsingAgent" name="test_tool_agent_cbr_positive" time="0.044" /><testcase classname="tests.adversarial.test_aab.TestToolUsingAgent" name="test_tool_agent_detection_fires" time="0.023" /><testcase classname="tests.adversarial.test_aab.TestToolUsingAgent" name="test_tool_agent_metrics_structure" time="0.032" /><testcase classname="tests.adversarial.test_aab.TestToolUsingAgent" name="test_tool_agent_strict_exhaustion" time="0.030" /><testcase classname="tests.adversarial.test_aab.TestReasoningChainAgent" name="test_reasoning_agent_high_token_burn" time="0.054" /><testcase classname="tests.adversarial.test_aab.TestReasoningChainAgent" name="test_reasoning_agent_cdi_under_poison" time="0.029" /><testcase classname="tests.adversarial.test_aab.TestReasoningChainAgent" name="test_reasoning_agent_exhaustion_outcome" time="0.035" /><testcase classname="tests.adversarial.test_aab.TestReasoningChainAgent" name="test_reasoning_agent_record_serialises" time="0.033" /><testcase classname="tests.adversarial.test_aab.TestReasoningChainAgent" name="test_reasoning_agent_strict_exhaustion" time="0.063" /><testcase classname="tests.adversarial.test_aab.TestCredentialHarvestAgent" name="test_credential_agent_pebble_rate" time="0.065" /><testcase classname="tests.adversarial.test_aab.TestCredentialHarvestAgent" name="test_credential_agent_tbcr_high" time="0.068" /><testcase classname="tests.adversarial.test_aab.TestCredentialHarvestAgent" name="test_credential_agent_confidence_stays_high" time="0.050" /><testcase classname="tests.adversarial.test_aab.TestCredentialHarvestAgent" name="test_credential_agent_strict_exhaustion" time="0.023" /><testcase classname="tests.adversarial.test_aab.TestMultiAgentSwarm" name="test_swarm_highest_tool_call_volume" time="0.086" /><testcase classname="tests.adversarial.test_aab.TestMultiAgentSwarm" name="test_swarm_engagement_completes" time="0.054" /><testcase classname="tests.adversarial.test_aab.TestMultiAgentSwarm" name="test_swarm_record_action_count" time="0.086" /><testcase classname="tests.adversarial.test_aab.TestMultiAgentSwarm" name="test_swarm_strict_exhaustion" time="0.054" /><testcase classname="tests.adversarial.test_aab.TestJailbrokenAgent" name="test_jailbroken_agent_runs_engagement" time="0.096" /><testcase classname="tests.adversarial.test_aab.TestJailbrokenAgent" name="test_jailbroken_agent_high_tool_call_density" time="0.139" /><testcase classname="tests.adversarial.test_aab.TestJailbrokenAgent" name="test_jailbroken_agent_cbr_positive" time="0.103" /><testcase classname="tests.adversarial.test_aab.TestJailbrokenAgent" name="test_jailbroken_agent_metrics_complete" time="0.108" /><testcase classname="tests.adversarial.test_aab.TestJailbrokenAgent" name="test_jailbroken_agent_strict_exhaustion" time="0.078" /><testcase classname="tests.adversarial.test_aab.TestPersistentReconAgent" name="test_persistent_recon_runs_engagement" time="0.074" /><testcase classname="tests.adversarial.test_aab.TestPersistentReconAgent" name="test_persistent_recon_lowest_token_per_step" time="0.175" /><testcase classname="tests.adversarial.test_aab.TestPersistentReconAgent" name="test_persistent_recon_widest_path_coverage" time="0.195" /><testcase classname="tests.adversarial.test_aab.TestPersistentReconAgent" name="test_persistent_recon_serialises_with_aatr_id" time="0.127" /><testcase classname="tests.adversarial.test_aab.TestPersistentReconAgent" name="test_persistent_recon_strict_exhaustion" time="0.131" /><testcase classname="tests.adversarial.test_aab.TestAABCrossClassComparison" name="test_full_benchmark_run" time="0.006" /><testcase classname="tests.adversarial.test_aab.TestAABCrossClassComparison" name="test_benchmark_metric_validity" time="0.384" /><testcase classname="tests.adversarial.test_aab.TestAATLTimingEnrichment" name="test_jailbroken_aatl_timing_indicators_present" time="0.103" /><testcase classname="tests.adversarial.test_aab.TestAATLTimingEnrichment" name="test_jailbroken_aatl_machine_plausibility_elevated" time="0.110" /><testcase classname="tests.adversarial.test_aab.TestAATLTimingEnrichment" name="test_swarm_aatl_timing_indicators_present" time="0.084" /><testcase classname="tests.adversarial.test_aab.TestAATLTimingEnrichment" name="test_swarm_aatl_machine_plausibility_elevated" time="0.054" /><testcase classname="tests.adversarial.test_aab.TestAATLTimingEnrichment" name="test_persistent_recon_aatl_timing_produces_no_indicators" time="0.106" /><testcase classname="tests.adversarial.test_aab.TestAATLTimingEnrichment" name="test_persistent_recon_aatl_actor_type_is_human" time="0.129" /><testcase classname="tests.api.test_deception_api.TestDeceptionAPI" name="test_explain_endpoint_api" time="0.018" /><testcase classname="tests.api.test_deception_api.TestDeceptionAPI" name="test_explain_endpoint_not_found" time="0.015" /><testcase classname="tests.api.test_deception_api.TestDeceptionAPI" name="test_agenticity_analyze_endpoint" time="0.013" /><testcase classname="tests.api.test_deception_api.TestDeceptionAPI" name="test_agenticity_analyze_invalid_data" time="0.013" /><testcase classname="tests.api.test_deception_api.TestDeceptionAPI" name="test_maze_probe_endpoint" time="0.023" /><testcase classname="tests.api.test_deception_api.TestDeceptionAPI" name="test_maze_probe_not_found" time="0.012" /><testcase classname="tests.api.test_deception_api.TestDeceptionAPI" name="test_maze_sessions_endpoint" time="0.013" /><testcase classname="tests.api.test_deception_api.TestAPIResponseFormats" name="test_explain_endpoint_json_response" time="0.012" /><testcase classname="tests.api.test_deception_api.TestAPIResponseFormats" name="test_api_method_not_allowed" time="0.011" /><testcase classname="tests.api.test_deception_api.TestAPIValidation" name="test_agenticity_analyze_missing_fields" time="0.012" /><testcase classname="tests.api.test_deception_api.TestAPIValidation" name="test_agenticity_analyze_malformed_data" time="0.016" /><testcase classname="tests.api.test_deception_api.TestAPIConcurrency" name="test_concurrent_explain_requests" time="0.040" /><testcase classname="tests.e2e.test_complete_workflow.TestCompleteDeceptionWorkflow" name="test_full_deception_lifecycle" time="0.001" /><testcase classname="tests.e2e.test_complete_workflow.TestHoneyTokenCampaignWorkflow" name="test_campaign_detection_to_analysis" time="0.001" /><testcase classname="tests.e2e.test_complete_workflow.TestMultiSessionCorrelation" name="test_cross_session_pattern_analysis" time="0.001" /><testcase classname="tests.e2e.test_complete_workflow.TestDeceptionExhaustionWorkflow" name="test_exhaustion_progression_simulation" time="0.000" /><testcase classname="tests.e2e.test_complete_workflow.TestSystemResilienceWorkflow" name="test_resilience_against_adversarial_inputs" time="0.017" /><testcase classname="tests.integration.test_service_integration.TestAgenticityMazeIntegration" name="test_agenticity_maze_data_flow" time="0.001" /><testcase classname="tests.integration.test_service_integration.TestHoneyTokenDeceptionIntegration" name="test_honey_token_campaign_correlation" time="0.001" /><testcase classname="tests.integration.test_service_integration.TestHoneyTokenDeceptionIntegration" name="test_honey_token_deception_feedback_loop" time="0.000" /><testcase classname="tests.integration.test_service_integration.TestDeceptionRouterIntegration" name="test_explain_endpoint_integration" time="0.024" /><testcase classname="tests.integration.test_service_integration.TestDeceptionRouterIntegration" name="test_assess_endpoint_integration" time="0.024" /><testcase classname="tests.integration.test_service_integration.TestDataPersistenceIntegration" name="test_persistence_data_consistency" time="0.003" /><testcase classname="tests.integration.test_service_integration.TestCampaignTrackingIntegration" name="test_campaign_lifecycle_tracking" time="0.001" /><testcase classname="tests.performance.test_performance.TestAPIEndpointPerformance" name="test_explain_endpoint_response_time" time="0.034" /><testcase classname="tests.performance.test_performance.TestAPIEndpointPerformance" name="test_agenticity_analyze_performance" time="0.072" /><testcase classname="tests.performance.test_performance.TestConcurrentLoadPerformance" name="test_concurrent_explain_requests" time="0.039" /><testcase classname="tests.performance.test_performance.TestConcurrentLoadPerformance" name="test_database_concurrency_performance" time="0.003" /><testcase classname="tests.performance.test_performance.TestMemoryAndResourceUsage" name="test_honey_token_manager_memory_usage" time="0.017" /><testcase classname="tests.performance.test_performance.TestMemoryAndResourceUsage" name="test_agenticity_service_memory_usage" time="0.000" /><testcase classname="tests.performance.test_performance.TestScalabilityPerformance" name="test_maze_generation_scalability" time="0.000" /><testcase classname="tests.performance.test_performance.TestScalabilityPerformance" name="test_token_generation_scalability" time="0.004" /><testcase classname="tests.performance.test_performance.TestErrorHandlingPerformance" name="test_error_response_performance" time="0.092" /><testcase classname="tests.performance.test_performance.TestLoadTesting" name="test_sustained_load_simulation" time="0.021" /><testcase classname="tests.performance.test_performance.TestLoadTesting" name="test_memory_leak_detection" time="0.117" /><testcase classname="tests.unit.test_agenticity.TestAgenticityScoring" name="test_compute_agenticity_score_human_behavior" time="0.000" /><testcase classname="tests.unit.test_agenticity.TestAgenticityScoring" name="test_compute_agenticity_score_autonomous_agent" time="0.000" /><testcase classname="tests.unit.test_agenticity.TestAgenticityScoring" name="test_compute_agenticity_score_empty_data" time="0.000" /><testcase classname="tests.unit.test_agenticity.TestAgenticityScoring" name="test_agenticity_score_properties" time="0.000" /><testcase classname="tests.unit.test_agenticity.TestExhaustionMetrics" name="test_compute_exhaustion_metrics_basic" time="0.000" /><testcase classname="tests.unit.test_agenticity.TestExhaustionMetrics" name="test_compute_exhaustion_metrics_no_real_assets" time="0.000" /><testcase classname="tests.unit.test_agenticity.TestExhaustionMetrics" name="test_exhaustion_metrics_to_dict" time="0.000" /><testcase classname="tests.unit.test_agenticity.TestAgenticityPersistence" name="test_save_score" time="0.018" /><testcase classname="tests.unit.test_agenticity.TestAgenticityPersistence" name="test_save_exhaustion_metrics" time="0.003" /><testcase classname="tests.unit.test_agenticity.TestAgenticityPersistence" name="test_get_score_history" time="0.002" /><testcase classname="tests.unit.test_agenticity.TestAgenticityPersistence" name="test_get_session_summary" time="0.002" /><testcase classname="tests.unit.test_deception_router.TestDeceptionStatusEndpoint" name="test_status_returns_200" time="0.014" /><testcase classname="tests.unit.test_deception_router.TestDeceptionStatusEndpoint" name="test_status_response_is_dict" time="0.014" /><testcase classname="tests.unit.test_deception_router.TestDeceptionStatusEndpoint" name="test_capabilities_returns_200" time="0.016" /><testcase classname="tests.unit.test_deception_router.TestDeceptionStatusEndpoint" name="test_capabilities_response_is_dict" time="0.014" /><testcase classname="tests.unit.test_deception_router.TestDeceptionAssessEndpoint" name="test_assess_requires_body" time="0.013" /><testcase classname="tests.unit.test_deception_router.TestDeceptionAssessEndpoint" name="test_assess_valid_request_structure" time="0.013" /><testcase classname="tests.unit.test_deception_router.TestDeceptionAssessEndpoint" name="test_assess_batch_requires_body" time="0.014" /><testcase classname="tests.unit.test_deception_router.TestDeceptionCampaignsEndpoint" name="test_campaigns_endpoint_accessible" time="0.016" /><testcase classname="tests.unit.test_deception_router.TestDeceptionCampaignsEndpoint" name="test_events_endpoint_accessible" time="0.020" /><testcase classname="tests.unit.test_deception_router.TestDeceptionCampaignsEndpoint" name="test_events_summary_accessible" time="0.022" /><testcase classname="tests.unit.test_deception_router.TestDeceptionCampaignsEndpoint" name="test_fingerprints_accessible" time="0.021" /><testcase classname="tests.unit.test_deception_router.TestDeceptionMazeEndpoints" name="test_maze_probe_requires_body" time="0.014" /><testcase classname="tests.unit.test_deception_router.TestDeceptionMazeEndpoints" name="test_maze_active_sessions_accessible" time="0.014" /><testcase classname="tests.unit.test_deception_router.TestDeceptionMazeEndpoints" name="test_maze_sessions_accessible" time="0.014" /><testcase classname="tests.unit.test_deception_router.TestDeceptionMazeEndpoints" name="test_explain_session_accessible" time="0.021" /><testcase classname="tests.unit.test_deception_router.TestDeceptionMazeEndpoints" name="test_maze_surface_accessible" time="0.014" /><testcase classname="tests.unit.test_deception_router.TestDeceptionBlocklistEndpoints" name="test_get_blocklist_accessible" time="0.013" /><testcase classname="tests.unit.test_deception_router.TestDeceptionBlocklistEndpoints" name="test_add_to_blocklist_requires_body" time="0.013" /><testcase classname="tests.unit.test_deception_router.TestDeceptionBlocklistEndpoints" name="test_add_to_allowlist_requires_body" time="0.015" /><testcase classname="tests.unit.test_deception_router.TestDeceptionAnalyticsEndpoints" name="test_threat_heatmap_accessible" time="0.021" /><testcase classname="tests.unit.test_deception_router.TestDeceptionAnalyticsEndpoints" name="test_campaigns_timeline_accessible" time="0.020" /><testcase classname="tests.unit.test_deception_router.TestDeceptionAnalyticsEndpoints" name="test_mystique_config_accessible" time="0.014" /><testcase classname="tests.unit.test_deception_router.TestDeceptionAnalyticsEndpoints" name="test_stonewall_config_accessible" time="0.015" /><testcase classname="tests.unit.test_deception_router.TestDeceptionIntegration" name="test_status_data_consistency" time="0.017" /><testcase classname="tests.unit.test_deception_router.TestDeceptionIntegration" name="test_capabilities_non_empty" time="0.013" /><testcase classname="tests.unit.test_deception_router.TestDeceptionIntegration" name="test_assess_is_idempotent" time="0.016" /><testcase classname="tests.unit.test_deception_router.TestDeceptionIntegration" name="test_cross_component_maze_and_explain" time="0.017" /><testcase classname="tests.unit.test_honey_tokens.TestHoneyToken" name="test_honey_token_creation" time="0.000" /><testcase classname="tests.unit.test_honey_tokens.TestHoneyToken" name="test_honey_token_defaults" time="0.000" /><testcase classname="tests.unit.test_honey_tokens.TestHoneyTokenManager" name="test_manager_init_has_sample_tokens" time="0.000" /><testcase classname="tests.unit.test_honey_tokens.TestHoneyTokenManager" name="test_create_token_api_key" time="0.000" /><testcase classname="tests.unit.test_honey_tokens.TestHoneyTokenManager" name="test_create_token_database_cred" time="0.000" /><testcase classname="tests.unit.test_honey_tokens.TestHoneyTokenManager" name="test_create_token_aws_key" time="0.000" /><testcase classname="tests.unit.test_honey_tokens.TestHoneyTokenManager" name="test_create_token_invalid_type" time="0.000" /><testcase classname="tests.unit.test_honey_tokens.TestHoneyTokenManager" name="test_get_tokens_returns_list" time="0.000" /><testcase classname="tests.unit.test_honey_tokens.TestHoneyTokenManager" name="test_get_tokens_masks_values_by_default" time="0.000" /><testcase classname="tests.unit.test_honey_tokens.TestHoneyTokenManager" name="test_get_tokens_includes_values_when_requested" time="0.000" /><testcase classname="tests.unit.test_honey_tokens.TestHoneyTokenManager" name="test_get_token_found" time="0.000" /><testcase classname="tests.unit.test_honey_tokens.TestHoneyTokenManager" name="test_get_token_not_found" time="0.000" /><testcase classname="tests.unit.test_honey_tokens.TestHoneyTokenManager" name="test_record_access" time="0.000" /><testcase classname="tests.unit.test_honey_tokens.TestHoneyTokenManager" name="test_record_access_invalid_token" time="0.000" /><testcase classname="tests.unit.test_honey_tokens.TestHoneyTokenManager" name="test_get_accesses_all" time="0.000" /><testcase classname="tests.unit.test_honey_tokens.TestHoneyTokenManager" name="test_get_accesses_filtered_by_token" time="0.000" /><testcase classname="tests.unit.test_honey_tokens.TestHoneyTokenManager" name="test_check_token_matches" time="0.000" /><testcase classname="tests.unit.test_honey_tokens.TestHoneyTokenManager" name="test_check_token_no_match" time="0.000" /><testcase classname="tests.unit.test_honey_tokens.TestHoneyTokenManager" name="test_delete_token" time="0.000" /><testcase classname="tests.unit.test_honey_tokens.TestHoneyTokenManager" name="test_delete_nonexistent_token" time="0.000" /><testcase classname="tests.unit.test_honey_tokens.TestHoneyTokenManager" name="test_toggle_token" time="0.000" /><testcase classname="tests.unit.test_honey_tokens.TestHoneyTokenManager" name="test_get_stats" time="0.000" /><testcase classname="tests.unit.test_honey_tokens.TestHoneyTokenManager" name="test_singleton" time="0.000" /><testcase classname="tests.unit.test_maze.TestMazePersistence" name="test_save_maze_state" time="0.001" /><testcase classname="tests.unit.test_maze.TestMazePersistence" name="test_get_maze_state" time="0.001" /><testcase classname="tests.unit.test_maze.TestMazeState" name="test_maze_state_creation" time="0.000" /><testcase classname="tests.unit.test_maze.TestMazeState" name="test_maze_state_defaults" time="0.000" /><testcase classname="tests.unit.test_maze.TestMazePersistenceSingleton" name="test_get_maze_persistence_singleton" time="0.001" /><testcase classname="tests.unit.test_maze.TestMazeGeneration" name="test_generate_tiered_nodes" time="0.002" /><testcase classname="tests.unit.test_maze.TestMazeGeneration" name="test_generate_maze_structure" time="0.001" /></testsuite></testsuites>